SF:/Users/sjanes/work26/ranger-arranger/vsql_ranger_arranger/src/engine/canonical.rs
FN:18,_RNvNtNtCskSe0MaurDGL_20vsql_ranger_arranger6engine9canonical11get_ordinal
FN:9,_RNvNtNtCskSe0MaurDGL_20vsql_ranger_arranger6engine9canonical11put_ordinal
FN:208,_RNvNtNtCskSe0MaurDGL_20vsql_ranger_arranger6engine9canonical13compare_bytes
FN:219,_RNvNtNtCskSe0MaurDGL_20vsql_ranger_arranger6engine9canonical14bytes_to_range
FN:150,_RINvNtNtCskSe0MaurDGL_20vsql_ranger_arranger6engine9canonical13parse_literalNtNtNtB6_7subtype4date7DateOpsEB6_
FN:150,_RINvNtNtCskSe0MaurDGL_20vsql_ranger_arranger6engine9canonical13parse_literalNtNtNtB6_7subtype4int47Int4OpsEB6_
FN:150,_RINvNtNtCskSe0MaurDGL_20vsql_ranger_arranger6engine9canonical13parse_literalNtNtNtB6_7subtype4int87Int8OpsEB6_
FN:150,_RINvNtNtCskSe0MaurDGL_20vsql_ranger_arranger6engine9canonical13parse_literalNtNtNtB6_7subtype8datetime11DateTimeOpsEB6_
FN:64,_RINvNtNtCskSe0MaurDGL_20vsql_ranger_arranger6engine9canonical14range_to_bytesNtNtNtB6_7subtype4date7DateOpsEB6_
FN:64,_RINvNtNtCskSe0MaurDGL_20vsql_ranger_arranger6engine9canonical14range_to_bytesNtNtNtB6_7subtype4int47Int4OpsEB6_
FN:64,_RINvNtNtCskSe0MaurDGL_20vsql_ranger_arranger6engine9canonical14range_to_bytesNtNtNtB6_7subtype4int87Int8OpsEB6_
FN:64,_RINvNtNtCskSe0MaurDGL_20vsql_ranger_arranger6engine9canonical14range_to_bytesNtNtNtB6_7subtype8datetime11DateTimeOpsEB6_
FN:112,_RINvNtNtCskSe0MaurDGL_20vsql_ranger_arranger6engine9canonical6decodeNtNtNtB6_7subtype4date7DateOpsEB6_
FN:112,_RINvNtNtCskSe0MaurDGL_20vsql_ranger_arranger6engine9canonical6decodeNtNtNtB6_7subtype4int47Int4OpsEB6_
FN:112,_RINvNtNtCskSe0MaurDGL_20vsql_ranger_arranger6engine9canonical6decodeNtNtNtB6_7subtype4int87Int8OpsEB6_
FN:112,_RINvNtNtCskSe0MaurDGL_20vsql_ranger_arranger6engine9canonical6decodeNtNtNtB6_7subtype8datetime11DateTimeOpsEB6_
FN:36,_RINvNtNtCskSe0MaurDGL_20vsql_ranger_arranger6engine9canonical6encodeNtNtNtB6_7subtype4date7DateOpsEB6_
FN:36,_RINvNtNtCskSe0MaurDGL_20vsql_ranger_arranger6engine9canonical6encodeNtNtNtB6_7subtype4int47Int4OpsEB6_
FN:36,_RINvNtNtCskSe0MaurDGL_20vsql_ranger_arranger6engine9canonical6encodeNtNtNtB6_7subtype4int87Int8OpsEB6_
FN:36,_RINvNtNtCskSe0MaurDGL_20vsql_ranger_arranger6engine9canonical6encodeNtNtNtB6_7subtype8datetime11DateTimeOpsEB6_
FN:86,_RINvNtNtCskSe0MaurDGL_20vsql_ranger_arranger6engine9canonical8to_rangeNtNtNtB6_7subtype4date7DateOpsEB6_
FN:86,_RINvNtNtCskSe0MaurDGL_20vsql_ranger_arranger6engine9canonical8to_rangeNtNtNtB6_7subtype4int47Int4OpsEB6_
FN:86,_RINvNtNtCskSe0MaurDGL_20vsql_ranger_arranger6engine9canonical8to_rangeNtNtNtB6_7subtype4int87Int8OpsEB6_
FN:86,_RINvNtNtCskSe0MaurDGL_20vsql_ranger_arranger6engine9canonical8to_rangeNtNtNtB6_7subtype8datetime11DateTimeOpsEB6_
FN:166,_RNCINvNtNtCskSe0MaurDGL_20vsql_ranger_arranger6engine9canonical13parse_literalNtNtNtB8_7subtype4date7DateOpsE0B8_
FN:166,_RNCINvNtNtCskSe0MaurDGL_20vsql_ranger_arranger6engine9canonical13parse_literalNtNtNtB8_7subtype4int47Int4OpsE0B8_
FN:166,_RNCINvNtNtCskSe0MaurDGL_20vsql_ranger_arranger6engine9canonical13parse_literalNtNtNtB8_7subtype4int87Int8OpsE0B8_
FN:166,_RNCINvNtNtCskSe0MaurDGL_20vsql_ranger_arranger6engine9canonical13parse_literalNtNtNtB8_7subtype8datetime11DateTimeOpsE0B8_
FN:130,_RNCINvNtNtCskSe0MaurDGL_20vsql_ranger_arranger6engine9canonical6decodeNtNtNtB8_7subtype4date7DateOpsE0B8_
FN:136,_RNCINvNtNtCskSe0MaurDGL_20vsql_ranger_arranger6engine9canonical6decodeNtNtNtB8_7subtype4date7DateOpsEs_0B8_
FN:130,_RNCINvNtNtCskSe0MaurDGL_20vsql_ranger_arranger6engine9canonical6decodeNtNtNtB8_7subtype4int47Int4OpsE0B8_
FN:136,_RNCINvNtNtCskSe0MaurDGL_20vsql_ranger_arranger6engine9canonical6decodeNtNtNtB8_7subtype4int47Int4OpsEs_0B8_
FN:130,_RNCINvNtNtCskSe0MaurDGL_20vsql_ranger_arranger6engine9canonical6decodeNtNtNtB8_7subtype4int87Int8OpsE0B8_
FN:136,_RNCINvNtNtCskSe0MaurDGL_20vsql_ranger_arranger6engine9canonical6decodeNtNtNtB8_7subtype4int87Int8OpsEs_0B8_
FN:130,_RNCINvNtNtCskSe0MaurDGL_20vsql_ranger_arranger6engine9canonical6decodeNtNtNtB8_7subtype8datetime11DateTimeOpsE0B8_
FN:136,_RNCINvNtNtCskSe0MaurDGL_20vsql_ranger_arranger6engine9canonical6decodeNtNtNtB8_7subtype8datetime11DateTimeOpsEs_0B8_
FN:150,_RINvNtNtCsjiXQHmrdwwO_20vsql_ranger_arranger6engine9canonical13parse_literalNtNtNtB6_7subtype4date7DateOpsEB6_
FN:150,_RINvNtNtCsjiXQHmrdwwO_20vsql_ranger_arranger6engine9canonical13parse_literalNtNtNtB6_7subtype4int47Int4OpsEB6_
FN:150,_RINvNtNtCsjiXQHmrdwwO_20vsql_ranger_arranger6engine9canonical13parse_literalNtNtNtB6_7subtype4int87Int8OpsEB6_
FN:150,_RINvNtNtCsjiXQHmrdwwO_20vsql_ranger_arranger6engine9canonical13parse_literalNtNtNtB6_7subtype8datetime11DateTimeOpsEB6_
FN:64,_RINvNtNtCsjiXQHmrdwwO_20vsql_ranger_arranger6engine9canonical14range_to_bytesNtNtNtB6_7subtype4date7DateOpsEB6_
FN:64,_RINvNtNtCsjiXQHmrdwwO_20vsql_ranger_arranger6engine9canonical14range_to_bytesNtNtNtB6_7subtype4int47Int4OpsEB6_
FN:64,_RINvNtNtCsjiXQHmrdwwO_20vsql_ranger_arranger6engine9canonical14range_to_bytesNtNtNtB6_7subtype4int87Int8OpsEB6_
FN:64,_RINvNtNtCsjiXQHmrdwwO_20vsql_ranger_arranger6engine9canonical14range_to_bytesNtNtNtB6_7subtype8datetime11DateTimeOpsEB6_
FN:112,_RINvNtNtCsjiXQHmrdwwO_20vsql_ranger_arranger6engine9canonical6decodeNtNtNtB6_7subtype4date7DateOpsEB6_
FN:112,_RINvNtNtCsjiXQHmrdwwO_20vsql_ranger_arranger6engine9canonical6decodeNtNtNtB6_7subtype4int47Int4OpsEB6_
FN:112,_RINvNtNtCsjiXQHmrdwwO_20vsql_ranger_arranger6engine9canonical6decodeNtNtNtB6_7subtype4int87Int8OpsEB6_
FN:112,_RINvNtNtCsjiXQHmrdwwO_20vsql_ranger_arranger6engine9canonical6decodeNtNtNtB6_7subtype8datetime11DateTimeOpsEB6_
FN:36,_RINvNtNtCsjiXQHmrdwwO_20vsql_ranger_arranger6engine9canonical6encodeNtNtNtB6_7subtype4date7DateOpsEB6_
FN:36,_RINvNtNtCsjiXQHmrdwwO_20vsql_ranger_arranger6engine9canonical6encodeNtNtNtB6_7subtype4int47Int4OpsEB6_
FN:36,_RINvNtNtCsjiXQHmrdwwO_20vsql_ranger_arranger6engine9canonical6encodeNtNtNtB6_7subtype4int87Int8OpsEB6_
FN:36,_RINvNtNtCsjiXQHmrdwwO_20vsql_ranger_arranger6engine9canonical6encodeNtNtNtB6_7subtype8datetime11DateTimeOpsEB6_
FN:86,_RINvNtNtCsjiXQHmrdwwO_20vsql_ranger_arranger6engine9canonical8to_rangeNtNtNtB6_7subtype4date7DateOpsEB6_
FN:86,_RINvNtNtCsjiXQHmrdwwO_20vsql_ranger_arranger6engine9canonical8to_rangeNtNtNtB6_7subtype4int47Int4OpsEB6_
FN:86,_RINvNtNtCsjiXQHmrdwwO_20vsql_ranger_arranger6engine9canonical8to_rangeNtNtNtB6_7subtype4int87Int8OpsEB6_
FN:86,_RINvNtNtCsjiXQHmrdwwO_20vsql_ranger_arranger6engine9canonical8to_rangeNtNtNtB6_7subtype8datetime11DateTimeOpsEB6_
FN:166,_RNCINvNtNtCsjiXQHmrdwwO_20vsql_ranger_arranger6engine9canonical13parse_literalNtNtNtB8_7subtype4date7DateOpsE0B8_
FN:166,_RNCINvNtNtCsjiXQHmrdwwO_20vsql_ranger_arranger6engine9canonical13parse_literalNtNtNtB8_7subtype4int47Int4OpsE0B8_
FN:166,_RNCINvNtNtCsjiXQHmrdwwO_20vsql_ranger_arranger6engine9canonical13parse_literalNtNtNtB8_7subtype4int87Int8OpsE0B8_
FN:166,_RNCINvNtNtCsjiXQHmrdwwO_20vsql_ranger_arranger6engine9canonical13parse_literalNtNtNtB8_7subtype8datetime11DateTimeOpsE0B8_
FN:130,_RNCINvNtNtCsjiXQHmrdwwO_20vsql_ranger_arranger6engine9canonical6decodeNtNtNtB8_7subtype4date7DateOpsE0B8_
FN:136,_RNCINvNtNtCsjiXQHmrdwwO_20vsql_ranger_arranger6engine9canonical6decodeNtNtNtB8_7subtype4date7DateOpsEs_0B8_
FN:130,_RNCINvNtNtCsjiXQHmrdwwO_20vsql_ranger_arranger6engine9canonical6decodeNtNtNtB8_7subtype4int47Int4OpsE0B8_
FN:136,_RNCINvNtNtCsjiXQHmrdwwO_20vsql_ranger_arranger6engine9canonical6decodeNtNtNtB8_7subtype4int47Int4OpsEs_0B8_
FN:130,_RNCINvNtNtCsjiXQHmrdwwO_20vsql_ranger_arranger6engine9canonical6decodeNtNtNtB8_7subtype4int87Int8OpsE0B8_
FN:136,_RNCINvNtNtCsjiXQHmrdwwO_20vsql_ranger_arranger6engine9canonical6decodeNtNtNtB8_7subtype4int87Int8OpsEs_0B8_
FN:130,_RNCINvNtNtCsjiXQHmrdwwO_20vsql_ranger_arranger6engine9canonical6decodeNtNtNtB8_7subtype8datetime11DateTimeOpsE0B8_
FN:136,_RNCINvNtNtCsjiXQHmrdwwO_20vsql_ranger_arranger6engine9canonical6decodeNtNtNtB8_7subtype8datetime11DateTimeOpsEs_0B8_
FN:18,_RNvNtNtCsjiXQHmrdwwO_20vsql_ranger_arranger6engine9canonical11get_ordinal
FN:9,_RNvNtNtCsjiXQHmrdwwO_20vsql_ranger_arranger6engine9canonical11put_ordinal
FN:208,_RNvNtNtCsjiXQHmrdwwO_20vsql_ranger_arranger6engine9canonical13compare_bytes
FN:219,_RNvNtNtCsjiXQHmrdwwO_20vsql_ranger_arranger6engine9canonical14bytes_to_range
FNDA:42233,_RNvNtNtCskSe0MaurDGL_20vsql_ranger_arranger6engine9canonical11get_ordinal
FNDA:77138,_RNvNtNtCskSe0MaurDGL_20vsql_ranger_arranger6engine9canonical11put_ordinal
FNDA:22,_RNvNtNtCskSe0MaurDGL_20vsql_ranger_arranger6engine9canonical13compare_bytes
FNDA:44,_RNvNtNtCskSe0MaurDGL_20vsql_ranger_arranger6engine9canonical14bytes_to_range
FNDA:397,_RINvNtNtCskSe0MaurDGL_20vsql_ranger_arranger6engine9canonical13parse_literalNtNtNtB6_7subtype4date7DateOpsEB6_
FNDA:6337,_RINvNtNtCskSe0MaurDGL_20vsql_ranger_arranger6engine9canonical13parse_literalNtNtNtB6_7subtype4int47Int4OpsEB6_
FNDA:32739,_RINvNtNtCskSe0MaurDGL_20vsql_ranger_arranger6engine9canonical13parse_literalNtNtNtB6_7subtype4int87Int8OpsEB6_
FNDA:391,_RINvNtNtCskSe0MaurDGL_20vsql_ranger_arranger6engine9canonical13parse_literalNtNtNtB6_7subtype8datetime11DateTimeOpsEB6_
FNDA:573,_RINvNtNtCskSe0MaurDGL_20vsql_ranger_arranger6engine9canonical14range_to_bytesNtNtNtB6_7subtype4date7DateOpsEB6_
FNDA:3299,_RINvNtNtCskSe0MaurDGL_20vsql_ranger_arranger6engine9canonical14range_to_bytesNtNtNtB6_7subtype4int47Int4OpsEB6_
FNDA:13982,_RINvNtNtCskSe0MaurDGL_20vsql_ranger_arranger6engine9canonical14range_to_bytesNtNtNtB6_7subtype4int87Int8OpsEB6_
FNDA:571,_RINvNtNtCskSe0MaurDGL_20vsql_ranger_arranger6engine9canonical14range_to_bytesNtNtNtB6_7subtype8datetime11DateTimeOpsEB6_
FNDA:181,_RINvNtNtCskSe0MaurDGL_20vsql_ranger_arranger6engine9canonical6decodeNtNtNtB6_7subtype4date7DateOpsEB6_
FNDA:978,_RINvNtNtCskSe0MaurDGL_20vsql_ranger_arranger6engine9canonical6decodeNtNtNtB6_7subtype4int47Int4OpsEB6_
FNDA:11264,_RINvNtNtCskSe0MaurDGL_20vsql_ranger_arranger6engine9canonical6decodeNtNtNtB6_7subtype4int87Int8OpsEB6_
FNDA:180,_RINvNtNtCskSe0MaurDGL_20vsql_ranger_arranger6engine9canonical6decodeNtNtNtB6_7subtype8datetime11DateTimeOpsEB6_
FNDA:27,_RINvNtNtCskSe0MaurDGL_20vsql_ranger_arranger6engine9canonical6encodeNtNtNtB6_7subtype4date7DateOpsEB6_
FNDA:27,_RINvNtNtCskSe0MaurDGL_20vsql_ranger_arranger6engine9canonical6encodeNtNtNtB6_7subtype4int47Int4OpsEB6_
FNDA:26099,_RINvNtNtCskSe0MaurDGL_20vsql_ranger_arranger6engine9canonical6encodeNtNtNtB6_7subtype4int87Int8OpsEB6_
FNDA:23,_RINvNtNtCskSe0MaurDGL_20vsql_ranger_arranger6engine9canonical6encodeNtNtNtB6_7subtype8datetime11DateTimeOpsEB6_
FNDA:724,_RINvNtNtCskSe0MaurDGL_20vsql_ranger_arranger6engine9canonical8to_rangeNtNtNtB6_7subtype4date7DateOpsEB6_
FNDA:3073,_RINvNtNtCskSe0MaurDGL_20vsql_ranger_arranger6engine9canonical8to_rangeNtNtNtB6_7subtype4int47Int4OpsEB6_
FNDA:13532,_RINvNtNtCskSe0MaurDGL_20vsql_ranger_arranger6engine9canonical8to_rangeNtNtNtB6_7subtype4int87Int8OpsEB6_
FNDA:721,_RINvNtNtCskSe0MaurDGL_20vsql_ranger_arranger6engine9canonical8to_rangeNtNtNtB6_7subtype8datetime11DateTimeOpsEB6_
FNDA:0,_RNCINvNtNtCskSe0MaurDGL_20vsql_ranger_arranger6engine9canonical13parse_literalNtNtNtB8_7subtype4date7DateOpsE0B8_
FNDA:0,_RNCINvNtNtCskSe0MaurDGL_20vsql_ranger_arranger6engine9canonical13parse_literalNtNtNtB8_7subtype4int47Int4OpsE0B8_
FNDA:1,_RNCINvNtNtCskSe0MaurDGL_20vsql_ranger_arranger6engine9canonical13parse_literalNtNtNtB8_7subtype4int87Int8OpsE0B8_
FNDA:0,_RNCINvNtNtCskSe0MaurDGL_20vsql_ranger_arranger6engine9canonical13parse_literalNtNtNtB8_7subtype8datetime11DateTimeOpsE0B8_
FNDA:0,_RNCINvNtNtCskSe0MaurDGL_20vsql_ranger_arranger6engine9canonical6decodeNtNtNtB8_7subtype4date7DateOpsE0B8_
FNDA:0,_RNCINvNtNtCskSe0MaurDGL_20vsql_ranger_arranger6engine9canonical6decodeNtNtNtB8_7subtype4date7DateOpsEs_0B8_
FNDA:0,_RNCINvNtNtCskSe0MaurDGL_20vsql_ranger_arranger6engine9canonical6decodeNtNtNtB8_7subtype4int47Int4OpsE0B8_
FNDA:0,_RNCINvNtNtCskSe0MaurDGL_20vsql_ranger_arranger6engine9canonical6decodeNtNtNtB8_7subtype4int47Int4OpsEs_0B8_
FNDA:0,_RNCINvNtNtCskSe0MaurDGL_20vsql_ranger_arranger6engine9canonical6decodeNtNtNtB8_7subtype4int87Int8OpsE0B8_
FNDA:0,_RNCINvNtNtCskSe0MaurDGL_20vsql_ranger_arranger6engine9canonical6decodeNtNtNtB8_7subtype4int87Int8OpsEs_0B8_
FNDA:0,_RNCINvNtNtCskSe0MaurDGL_20vsql_ranger_arranger6engine9canonical6decodeNtNtNtB8_7subtype8datetime11DateTimeOpsE0B8_
FNDA:0,_RNCINvNtNtCskSe0MaurDGL_20vsql_ranger_arranger6engine9canonical6decodeNtNtNtB8_7subtype8datetime11DateTimeOpsEs_0B8_
FNDA:0,_RINvNtNtCsjiXQHmrdwwO_20vsql_ranger_arranger6engine9canonical13parse_literalNtNtNtB6_7subtype4date7DateOpsEB6_
FNDA:0,_RINvNtNtCsjiXQHmrdwwO_20vsql_ranger_arranger6engine9canonical13parse_literalNtNtNtB6_7subtype4int47Int4OpsEB6_
FNDA:0,_RINvNtNtCsjiXQHmrdwwO_20vsql_ranger_arranger6engine9canonical13parse_literalNtNtNtB6_7subtype4int87Int8OpsEB6_
FNDA:0,_RINvNtNtCsjiXQHmrdwwO_20vsql_ranger_arranger6engine9canonical13parse_literalNtNtNtB6_7subtype8datetime11DateTimeOpsEB6_
FNDA:0,_RINvNtNtCsjiXQHmrdwwO_20vsql_ranger_arranger6engine9canonical14range_to_bytesNtNtNtB6_7subtype4date7DateOpsEB6_
FNDA:0,_RINvNtNtCsjiXQHmrdwwO_20vsql_ranger_arranger6engine9canonical14range_to_bytesNtNtNtB6_7subtype4int47Int4OpsEB6_
FNDA:0,_RINvNtNtCsjiXQHmrdwwO_20vsql_ranger_arranger6engine9canonical14range_to_bytesNtNtNtB6_7subtype4int87Int8OpsEB6_
FNDA:0,_RINvNtNtCsjiXQHmrdwwO_20vsql_ranger_arranger6engine9canonical14range_to_bytesNtNtNtB6_7subtype8datetime11DateTimeOpsEB6_
FNDA:0,_RINvNtNtCsjiXQHmrdwwO_20vsql_ranger_arranger6engine9canonical6decodeNtNtNtB6_7subtype4date7DateOpsEB6_
FNDA:0,_RINvNtNtCsjiXQHmrdwwO_20vsql_ranger_arranger6engine9canonical6decodeNtNtNtB6_7subtype4int47Int4OpsEB6_
FNDA:0,_RINvNtNtCsjiXQHmrdwwO_20vsql_ranger_arranger6engine9canonical6decodeNtNtNtB6_7subtype4int87Int8OpsEB6_
FNDA:0,_RINvNtNtCsjiXQHmrdwwO_20vsql_ranger_arranger6engine9canonical6decodeNtNtNtB6_7subtype8datetime11DateTimeOpsEB6_
FNDA:0,_RINvNtNtCsjiXQHmrdwwO_20vsql_ranger_arranger6engine9canonical6encodeNtNtNtB6_7subtype4date7DateOpsEB6_
FNDA:0,_RINvNtNtCsjiXQHmrdwwO_20vsql_ranger_arranger6engine9canonical6encodeNtNtNtB6_7subtype4int47Int4OpsEB6_
FNDA:0,_RINvNtNtCsjiXQHmrdwwO_20vsql_ranger_arranger6engine9canonical6encodeNtNtNtB6_7subtype4int87Int8OpsEB6_
FNDA:0,_RINvNtNtCsjiXQHmrdwwO_20vsql_ranger_arranger6engine9canonical6encodeNtNtNtB6_7subtype8datetime11DateTimeOpsEB6_
FNDA:0,_RINvNtNtCsjiXQHmrdwwO_20vsql_ranger_arranger6engine9canonical8to_rangeNtNtNtB6_7subtype4date7DateOpsEB6_
FNDA:0,_RINvNtNtCsjiXQHmrdwwO_20vsql_ranger_arranger6engine9canonical8to_rangeNtNtNtB6_7subtype4int47Int4OpsEB6_
FNDA:0,_RINvNtNtCsjiXQHmrdwwO_20vsql_ranger_arranger6engine9canonical8to_rangeNtNtNtB6_7subtype4int87Int8OpsEB6_
FNDA:0,_RINvNtNtCsjiXQHmrdwwO_20vsql_ranger_arranger6engine9canonical8to_rangeNtNtNtB6_7subtype8datetime11DateTimeOpsEB6_
FNDA:0,_RNCINvNtNtCsjiXQHmrdwwO_20vsql_ranger_arranger6engine9canonical13parse_literalNtNtNtB8_7subtype4date7DateOpsE0B8_
FNDA:0,_RNCINvNtNtCsjiXQHmrdwwO_20vsql_ranger_arranger6engine9canonical13parse_literalNtNtNtB8_7subtype4int47Int4OpsE0B8_
FNDA:0,_RNCINvNtNtCsjiXQHmrdwwO_20vsql_ranger_arranger6engine9canonical13parse_literalNtNtNtB8_7subtype4int87Int8OpsE0B8_
FNDA:0,_RNCINvNtNtCsjiXQHmrdwwO_20vsql_ranger_arranger6engine9canonical13parse_literalNtNtNtB8_7subtype8datetime11DateTimeOpsE0B8_
FNDA:0,_RNCINvNtNtCsjiXQHmrdwwO_20vsql_ranger_arranger6engine9canonical6decodeNtNtNtB8_7subtype4date7DateOpsE0B8_
FNDA:0,_RNCINvNtNtCsjiXQHmrdwwO_20vsql_ranger_arranger6engine9canonical6decodeNtNtNtB8_7subtype4date7DateOpsEs_0B8_
FNDA:0,_RNCINvNtNtCsjiXQHmrdwwO_20vsql_ranger_arranger6engine9canonical6decodeNtNtNtB8_7subtype4int47Int4OpsE0B8_
FNDA:0,_RNCINvNtNtCsjiXQHmrdwwO_20vsql_ranger_arranger6engine9canonical6decodeNtNtNtB8_7subtype4int47Int4OpsEs_0B8_
FNDA:0,_RNCINvNtNtCsjiXQHmrdwwO_20vsql_ranger_arranger6engine9canonical6decodeNtNtNtB8_7subtype4int87Int8OpsE0B8_
FNDA:0,_RNCINvNtNtCsjiXQHmrdwwO_20vsql_ranger_arranger6engine9canonical6decodeNtNtNtB8_7subtype4int87Int8OpsEs_0B8_
FNDA:0,_RNCINvNtNtCsjiXQHmrdwwO_20vsql_ranger_arranger6engine9canonical6decodeNtNtNtB8_7subtype8datetime11DateTimeOpsE0B8_
FNDA:0,_RNCINvNtNtCsjiXQHmrdwwO_20vsql_ranger_arranger6engine9canonical6decodeNtNtNtB8_7subtype8datetime11DateTimeOpsEs_0B8_
FNDA:0,_RNvNtNtCsjiXQHmrdwwO_20vsql_ranger_arranger6engine9canonical11get_ordinal
FNDA:0,_RNvNtNtCsjiXQHmrdwwO_20vsql_ranger_arranger6engine9canonical11put_ordinal
FNDA:0,_RNvNtNtCsjiXQHmrdwwO_20vsql_ranger_arranger6engine9canonical13compare_bytes
FNDA:0,_RNvNtNtCsjiXQHmrdwwO_20vsql_ranger_arranger6engine9canonical14bytes_to_range
FNF:12
FNH:10
DA:9,77138
DA:13,77138
DA:14,77138
DA:15,77138
DA:16,77138
DA:18,42233
DA:21,42233
DA:22,42233
DA:23,42233
DA:26,42233
DA:27,9915
DA:28,32318
DA:29,42233
DA:30,42233
DA:36,26176
DA:37,26176
DA:38,26176
DA:39,20144
DA:40,20144
DA:41,20144
DA:42,20144
DA:43,20144
DA:44,20144
DA:45,20144
DA:46,20144
DA:47,20144
DA:48,20144
DA:49,20144
DA:50,20144
DA:51,20144
DA:55,20144
DA:56,20144
DA:57,20144
DA:58,26176
DA:64,18425
DA:65,18425
DA:66,18425
DA:67,18425
DA:68,18425
DA:69,18425
DA:70,18425
DA:71,18425
DA:72,18425
DA:73,18425
DA:74,18425
DA:75,18425
DA:76,18425
DA:80,18425
DA:81,18425
DA:82,18425
DA:83,18425
DA:86,18050
DA:87,18050
DA:88,18050
DA:89,11
DA:90,11
DA:91,11
DA:92,11
DA:93,11
DA:94,11
DA:95,18039
DA:96,18039
DA:97,18039
DA:98,18039
DA:99,18039
DA:100,18039
DA:101,18039
DA:102,18039
DA:106,18039
DA:107,18039
DA:108,18039
DA:109,18050
DA:112,12603
DA:113,12603
DA:114,12603
DA:115,8
DA:116,8
DA:117,8
DA:118,8
DA:119,8
DA:120,8
DA:121,12595
DA:122,12595
DA:123,12595
DA:124,9171
DA:125,3424
DA:126,3424
DA:127,529
DA:129,2895
DA:130,2895
DA:132,3424
DA:133,252
DA:135,3172
DA:136,3172
DA:138,3424
DA:139,3424
DA:140,252
DA:141,3172
DA:142,1
DA:144,3171
DA:146,3424
DA:147,12603
DA:150,39864
DA:151,39864
DA:152,39864
DA:153,16173
DA:154,23691
DA:155,23691
DA:156,23691
DA:157,10
DA:158,23681
DA:159,23681
DA:160,23681
DA:161,0
DA:162,23681
DA:163,23681
DA:164,23681
DA:165,23681
DA:166,23681
DA:167,23680
DA:168,23680
DA:169,23680
DA:170,23680
DA:172,23680
DA:173,23680
DA:174,19928
DA:175,19927
DA:176,19927
DA:177,23680
DA:178,1750
DA:179,1750
DA:180,1750
DA:181,1750
DA:182,21930
DA:184,21930
DA:185,17623
DA:186,16079
DA:187,16079
DA:188,2
DA:189,2
DA:190,2
DA:191,2
DA:192,2
DA:193,2
DA:194,16077
DA:195,4307
DA:198,20384
DA:199,20384
DA:200,20384
DA:201,20384
DA:202,20384
DA:203,18885
DA:205,39864
DA:208,22
DA:209,22
DA:210,0
DA:211,22
DA:212,22
DA:213,22
DA:214,22
DA:215,22
DA:216,22
DA:217,22
DA:219,44
DA:220,44
DA:221,0
DA:222,44
DA:223,44
DA:224,44
DA:225,44
DA:226,44
DA:227,44
DA:228,44
DA:229,44
DA:231,44
DA:232,44
DA:233,44
DA:234,44
BRF:0
BRH:0
LF:181
LH:176
end_of_record
SF:/Users/sjanes/work26/ranger-arranger/vsql_ranger_arranger/src/engine/flags.rs
FN:29,_RNvMNtNtCskSe0MaurDGL_20vsql_ranger_arranger6engine5flagsNtB2_6Header6decode
FN:41,_RNvMNtNtCskSe0MaurDGL_20vsql_ranger_arranger6engine5flagsNtB2_6Header6encode
FN:29,_RNvMNtNtCsjiXQHmrdwwO_20vsql_ranger_arranger6engine5flagsNtB2_6Header6decode
FN:41,_RNvMNtNtCsjiXQHmrdwwO_20vsql_ranger_arranger6engine5flagsNtB2_6Header6encode
FNDA:30678,_RNvMNtNtCskSe0MaurDGL_20vsql_ranger_arranger6engine5flagsNtB2_6Header6decode
FNDA:38569,_RNvMNtNtCskSe0MaurDGL_20vsql_ranger_arranger6engine5flagsNtB2_6Header6encode
FNDA:0,_RNvMNtNtCsjiXQHmrdwwO_20vsql_ranger_arranger6engine5flagsNtB2_6Header6decode
FNDA:0,_RNvMNtNtCsjiXQHmrdwwO_20vsql_ranger_arranger6engine5flagsNtB2_6Header6encode
FNF:2
FNH:2
DA:29,30678
DA:30,30678
DA:31,30678
DA:32,30678
DA:33,30678
DA:34,30678
DA:35,30678
DA:36,30678
DA:37,30678
DA:38,30678
DA:39,30678
DA:41,38569
DA:42,38569
DA:43,38569
DA:44,25333
DA:45,25333
DA:46,38569
DA:47,32563
DA:48,32563
DA:49,38569
DA:50,4020
DA:51,34549
DA:52,38569
DA:53,5067
DA:54,33502
DA:55,38569
DA:56,4246
DA:57,34323
DA:58,38569
DA:59,38569
DA:60,38569
DA:61,38569
DA:62,38569
BRF:0
BRH:0
LF:33
LH:33
end_of_record
SF:/Users/sjanes/work26/ranger-arranger/vsql_ranger_arranger/src/engine/mod.rs
FN:69,_RINvNtCskSe0MaurDGL_20vsql_ranger_arranger6engine12canonicalizeNtNtNtB4_7subtype4date7DateOpsEB4_
FN:69,_RINvNtCskSe0MaurDGL_20vsql_ranger_arranger6engine12canonicalizeNtNtNtB4_7subtype4int47Int4OpsEB4_
FN:69,_RINvNtCskSe0MaurDGL_20vsql_ranger_arranger6engine12canonicalizeNtNtNtB4_7subtype4int87Int8OpsEB4_
FN:69,_RINvNtCskSe0MaurDGL_20vsql_ranger_arranger6engine12canonicalizeNtNtNtB4_7subtype8datetime11DateTimeOpsEB4_
FN:330,_RNCNvNtCskSe0MaurDGL_20vsql_ranger_arranger6engine9total_cmp0B5_
FN:28,_RNvMNtCskSe0MaurDGL_20vsql_ranger_arranger6engineNtB2_5Range5empty
FN:40,_RNvMNtCskSe0MaurDGL_20vsql_ranger_arranger6engineNtB2_5Range8is_empty
FN:278,_RNvNtCskSe0MaurDGL_20vsql_ranger_arranger6engine10difference
FN:185,_RNvNtCskSe0MaurDGL_20vsql_ranger_arranger6engine12canonical_eq
FN:109,_RNvNtCskSe0MaurDGL_20vsql_ranger_arranger6engine14contains_point
FN:119,_RNvNtCskSe0MaurDGL_20vsql_ranger_arranger6engine14contains_range
FN:60,_RNvNtCskSe0MaurDGL_20vsql_ranger_arranger6engine16persisted_length
FN:246,_RNvNtCskSe0MaurDGL_20vsql_ranger_arranger6engine5merge
FN:171,_RNvNtCskSe0MaurDGL_20vsql_ranger_arranger6engine6before
FN:180,_RNvNtCskSe0MaurDGL_20vsql_ranger_arranger6engine6equals
FN:318,_RNvNtCskSe0MaurDGL_20vsql_ranger_arranger6engine6length
FN:158,_RNvNtCskSe0MaurDGL_20vsql_ranger_arranger6engine8adjacent
FN:144,_RNvNtCskSe0MaurDGL_20vsql_ranger_arranger6engine8overlaps
FN:214,_RNvNtCskSe0MaurDGL_20vsql_ranger_arranger6engine9intersect
FN:327,_RNvNtCskSe0MaurDGL_20vsql_ranger_arranger6engine9total_cmp
FN:40,_RNvMNtCsjiXQHmrdwwO_20vsql_ranger_arranger6engineNtB2_5Range8is_empty
FN:109,_RNvNtCsjiXQHmrdwwO_20vsql_ranger_arranger6engine14contains_point
FN:69,_RINvNtCsjiXQHmrdwwO_20vsql_ranger_arranger6engine12canonicalizeNtNtNtB4_7subtype4date7DateOpsEB4_
FN:69,_RINvNtCsjiXQHmrdwwO_20vsql_ranger_arranger6engine12canonicalizeNtNtNtB4_7subtype4int47Int4OpsEB4_
FN:69,_RINvNtCsjiXQHmrdwwO_20vsql_ranger_arranger6engine12canonicalizeNtNtNtB4_7subtype4int87Int8OpsEB4_
FN:69,_RINvNtCsjiXQHmrdwwO_20vsql_ranger_arranger6engine12canonicalizeNtNtNtB4_7subtype8datetime11DateTimeOpsEB4_
FN:330,_RNCNvNtCsjiXQHmrdwwO_20vsql_ranger_arranger6engine9total_cmp0B5_
FN:28,_RNvMNtCsjiXQHmrdwwO_20vsql_ranger_arranger6engineNtB2_5Range5empty
FN:278,_RNvNtCsjiXQHmrdwwO_20vsql_ranger_arranger6engine10difference
FN:185,_RNvNtCsjiXQHmrdwwO_20vsql_ranger_arranger6engine12canonical_eq
FN:119,_RNvNtCsjiXQHmrdwwO_20vsql_ranger_arranger6engine14contains_range
FN:60,_RNvNtCsjiXQHmrdwwO_20vsql_ranger_arranger6engine16persisted_length
FN:246,_RNvNtCsjiXQHmrdwwO_20vsql_ranger_arranger6engine5merge
FN:171,_RNvNtCsjiXQHmrdwwO_20vsql_ranger_arranger6engine6before
FN:180,_RNvNtCsjiXQHmrdwwO_20vsql_ranger_arranger6engine6equals
FN:318,_RNvNtCsjiXQHmrdwwO_20vsql_ranger_arranger6engine6length
FN:158,_RNvNtCsjiXQHmrdwwO_20vsql_ranger_arranger6engine8adjacent
FN:144,_RNvNtCsjiXQHmrdwwO_20vsql_ranger_arranger6engine8overlaps
FN:214,_RNvNtCsjiXQHmrdwwO_20vsql_ranger_arranger6engine9intersect
FN:327,_RNvNtCsjiXQHmrdwwO_20vsql_ranger_arranger6engine9total_cmp
FNDA:1259,_RINvNtCskSe0MaurDGL_20vsql_ranger_arranger6engine12canonicalizeNtNtNtB4_7subtype4date7DateOpsEB4_
FNDA:11204,_RINvNtCskSe0MaurDGL_20vsql_ranger_arranger6engine12canonicalizeNtNtNtB4_7subtype4int47Int4OpsEB4_
FNDA:136528,_RINvNtCskSe0MaurDGL_20vsql_ranger_arranger6engine12canonicalizeNtNtNtB4_7subtype4int87Int8OpsEB4_
FNDA:1253,_RINvNtCskSe0MaurDGL_20vsql_ranger_arranger6engine12canonicalizeNtNtNtB4_7subtype8datetime11DateTimeOpsEB4_
FNDA:44,_RNCNvNtCskSe0MaurDGL_20vsql_ranger_arranger6engine9total_cmp0B5_
FNDA:126045,_RNvMNtCskSe0MaurDGL_20vsql_ranger_arranger6engineNtB2_5Range5empty
FNDA:0,_RNvMNtCskSe0MaurDGL_20vsql_ranger_arranger6engineNtB2_5Range8is_empty
FNDA:50663,_RNvNtCskSe0MaurDGL_20vsql_ranger_arranger6engine10difference
FNDA:2,_RNvNtCskSe0MaurDGL_20vsql_ranger_arranger6engine12canonical_eq
FNDA:100050275,_RNvNtCskSe0MaurDGL_20vsql_ranger_arranger6engine14contains_point
FNDA:50621,_RNvNtCskSe0MaurDGL_20vsql_ranger_arranger6engine14contains_range
FNDA:38808,_RNvNtCskSe0MaurDGL_20vsql_ranger_arranger6engine16persisted_length
FNDA:50537,_RNvNtCskSe0MaurDGL_20vsql_ranger_arranger6engine5merge
FNDA:3,_RNvNtCskSe0MaurDGL_20vsql_ranger_arranger6engine6before
FNDA:2,_RNvNtCskSe0MaurDGL_20vsql_ranger_arranger6engine6equals
FNDA:2,_RNvNtCskSe0MaurDGL_20vsql_ranger_arranger6engine6length
FNDA:2448,_RNvNtCskSe0MaurDGL_20vsql_ranger_arranger6engine8adjacent
FNDA:72086,_RNvNtCskSe0MaurDGL_20vsql_ranger_arranger6engine8overlaps
FNDA:50760,_RNvNtCskSe0MaurDGL_20vsql_ranger_arranger6engine9intersect
FNDA:22,_RNvNtCskSe0MaurDGL_20vsql_ranger_arranger6engine9total_cmp
FNDA:0,_RNvMNtCsjiXQHmrdwwO_20vsql_ranger_arranger6engineNtB2_5Range8is_empty
FNDA:0,_RNvNtCsjiXQHmrdwwO_20vsql_ranger_arranger6engine14contains_point
FNDA:0,_RINvNtCsjiXQHmrdwwO_20vsql_ranger_arranger6engine12canonicalizeNtNtNtB4_7subtype4date7DateOpsEB4_
FNDA:0,_RINvNtCsjiXQHmrdwwO_20vsql_ranger_arranger6engine12canonicalizeNtNtNtB4_7subtype4int47Int4OpsEB4_
FNDA:0,_RINvNtCsjiXQHmrdwwO_20vsql_ranger_arranger6engine12canonicalizeNtNtNtB4_7subtype4int87Int8OpsEB4_
FNDA:0,_RINvNtCsjiXQHmrdwwO_20vsql_ranger_arranger6engine12canonicalizeNtNtNtB4_7subtype8datetime11DateTimeOpsEB4_
FNDA:0,_RNCNvNtCsjiXQHmrdwwO_20vsql_ranger_arranger6engine9total_cmp0B5_
FNDA:0,_RNvMNtCsjiXQHmrdwwO_20vsql_ranger_arranger6engineNtB2_5Range5empty
FNDA:0,_RNvNtCsjiXQHmrdwwO_20vsql_ranger_arranger6engine10difference
FNDA:0,_RNvNtCsjiXQHmrdwwO_20vsql_ranger_arranger6engine12canonical_eq
FNDA:0,_RNvNtCsjiXQHmrdwwO_20vsql_ranger_arranger6engine14contains_range
FNDA:0,_RNvNtCsjiXQHmrdwwO_20vsql_ranger_arranger6engine16persisted_length
FNDA:0,_RNvNtCsjiXQHmrdwwO_20vsql_ranger_arranger6engine5merge
FNDA:0,_RNvNtCsjiXQHmrdwwO_20vsql_ranger_arranger6engine6before
FNDA:0,_RNvNtCsjiXQHmrdwwO_20vsql_ranger_arranger6engine6equals
FNDA:0,_RNvNtCsjiXQHmrdwwO_20vsql_ranger_arranger6engine6length
FNDA:0,_RNvNtCsjiXQHmrdwwO_20vsql_ranger_arranger6engine8adjacent
FNDA:0,_RNvNtCsjiXQHmrdwwO_20vsql_ranger_arranger6engine8overlaps
FNDA:0,_RNvNtCsjiXQHmrdwwO_20vsql_ranger_arranger6engine9intersect
FNDA:0,_RNvNtCsjiXQHmrdwwO_20vsql_ranger_arranger6engine9total_cmp
FNF:17
FNH:16
DA:28,126045
DA:29,126045
DA:30,126045
DA:31,126045
DA:32,126045
DA:33,126045
DA:34,126045
DA:35,126045
DA:36,126045
DA:37,126045
DA:38,126045
DA:40,0
DA:41,0
DA:42,0
DA:60,38808
DA:61,38808
DA:62,38808
DA:69,150244
DA:70,150244
DA:71,16501
DA:72,133743
DA:73,133743
DA:74,1251
DA:75,132492
DA:79,132492
DA:80,123272
DA:82,9220
DA:84,132492
DA:85,817
DA:86,131675
DA:87,7270
DA:89,124405
DA:91,132492
DA:97,132492
DA:98,132492
DA:99,132492
DA:102,132492
DA:103,132492
DA:105,150244
DA:109,100050275
DA:110,100050275
DA:111,75213660
DA:112,24836615
DA:113,24836615
DA:115,24836615
DA:116,24836615
DA:117,100050275
DA:119,50621
DA:120,50621
DA:121,37386
DA:122,13235
DA:123,13235
DA:124,9549
DA:125,3686
DA:126,3686
DA:127,0
DA:128,3686
DA:129,0
DA:131,3686
DA:133,3686
DA:134,0
DA:135,3686
DA:136,0
DA:138,3686
DA:140,3686
DA:141,50621
DA:144,72086
DA:145,72086
DA:146,47053
DA:147,25033
DA:148,25033
DA:149,25033
DA:150,25033
DA:151,25033
DA:154,25033
DA:155,72086
DA:158,2448
DA:159,2448
DA:160,239
DA:161,2209
DA:162,2209
DA:163,2209
DA:164,2209
DA:165,2209
DA:168,2209
DA:169,2448
DA:171,3
DA:172,3
DA:173,0
DA:174,3
DA:175,3
DA:176,3
DA:177,3
DA:178,3
DA:180,2
DA:181,2
DA:182,2
DA:185,2
DA:186,2
DA:187,0
DA:188,2
DA:189,2
DA:190,0
DA:191,2
DA:195,2
DA:196,2
DA:197,0
DA:198,2
DA:199,0
DA:201,2
DA:203,2
DA:204,2
DA:205,0
DA:206,2
DA:207,0
DA:209,2
DA:211,2
DA:212,2
DA:214,50760
DA:215,50760
DA:216,47136
DA:217,3624
DA:218,3624
DA:219,0
DA:220,3624
DA:221,0
DA:223,3624
DA:225,3624
DA:226,0
DA:227,3624
DA:228,0
DA:230,3624
DA:232,3624
DA:233,3624
DA:234,3624
DA:235,3624
DA:236,3624
DA:237,3624
DA:238,3624
DA:239,3624
DA:240,3624
DA:241,3624
DA:242,3624
DA:243,50760
DA:246,50537
DA:247,50537
DA:248,28042
DA:249,22495
DA:250,22495
DA:251,9552
DA:252,12943
DA:253,12943
DA:254,9352
DA:255,3591
DA:256,3591
DA:257,0
DA:259,3591
DA:261,3591
DA:262,0
DA:264,3591
DA:268,3591
DA:269,3591
DA:272,3591
DA:273,3591
DA:275,50537
DA:278,50663
DA:279,50663
DA:280,37590
DA:281,13073
DA:282,13073
DA:283,9599
DA:284,3474
DA:285,3474
DA:287,3474
DA:288,3474
DA:289,3474
DA:290,117
DA:291,117
DA:292,117
DA:293,117
DA:294,117
DA:295,117
DA:296,117
DA:297,117
DA:298,117
DA:299,3357
DA:301,3474
DA:302,3474
DA:303,3474
DA:304,157
DA:305,157
DA:306,157
DA:307,157
DA:308,157
DA:309,157
DA:310,157
DA:311,157
DA:312,157
DA:313,3317
DA:314,3474
DA:315,50663
DA:318,2
DA:319,2
DA:320,1
DA:321,1
DA:322,1
DA:323,2
DA:327,22
DA:330,44
DA:331,44
DA:332,44
DA:333,44
DA:334,44
DA:335,22
DA:336,22
BRF:0
BRH:0
LF:216
LH:195
end_of_record
SF:/Users/sjanes/work26/ranger-arranger/vsql_ranger_arranger/src/func/construct.rs
FN:50,_RNvNtNtCskSe0MaurDGL_20vsql_ranger_arranger4func9construct10int8_empty
FN:8,_RNvNtNtCskSe0MaurDGL_20vsql_ranger_arranger4func9construct8make_for
FN:36,_RNvNtNtCskSe0MaurDGL_20vsql_ranger_arranger4func9construct9empty_for
FN:46,_RNvNtNtCskSe0MaurDGL_20vsql_ranger_arranger4func9construct9int8_make
FN:12,_RNCNvNtNtCskSe0MaurDGL_20vsql_ranger_arranger4func9construct8make_for0B7_
FN:37,_RNCNvNtNtCskSe0MaurDGL_20vsql_ranger_arranger4func9construct9empty_for0B7_
FN:12,_RNCNvNtNtCsjiXQHmrdwwO_20vsql_ranger_arranger4func9construct8make_for0B7_
FN:37,_RNCNvNtNtCsjiXQHmrdwwO_20vsql_ranger_arranger4func9construct9empty_for0B7_
FN:50,_RNvNtNtCsjiXQHmrdwwO_20vsql_ranger_arranger4func9construct10int8_empty
FN:46,_RNvNtNtCsjiXQHmrdwwO_20vsql_ranger_arranger4func9construct9int8_make
FN:8,_RNvNtNtCsjiXQHmrdwwO_20vsql_ranger_arranger4func9construct8make_for
FN:36,_RNvNtNtCsjiXQHmrdwwO_20vsql_ranger_arranger4func9construct9empty_for
FNDA:1,_RNvNtNtCskSe0MaurDGL_20vsql_ranger_arranger4func9construct10int8_empty
FNDA:18,_RNvNtNtCskSe0MaurDGL_20vsql_ranger_arranger4func9construct8make_for
FNDA:3,_RNvNtNtCskSe0MaurDGL_20vsql_ranger_arranger4func9construct9empty_for
FNDA:7,_RNvNtNtCskSe0MaurDGL_20vsql_ranger_arranger4func9construct9int8_make
FNDA:18,_RNCNvNtNtCskSe0MaurDGL_20vsql_ranger_arranger4func9construct8make_for0B7_
FNDA:3,_RNCNvNtNtCskSe0MaurDGL_20vsql_ranger_arranger4func9construct9empty_for0B7_
FNDA:0,_RNCNvNtNtCsjiXQHmrdwwO_20vsql_ranger_arranger4func9construct8make_for0B7_
FNDA:0,_RNCNvNtNtCsjiXQHmrdwwO_20vsql_ranger_arranger4func9construct9empty_for0B7_
FNDA:0,_RNvNtNtCsjiXQHmrdwwO_20vsql_ranger_arranger4func9construct10int8_empty
FNDA:0,_RNvNtNtCsjiXQHmrdwwO_20vsql_ranger_arranger4func9construct9int8_make
FNDA:0,_RNvNtNtCsjiXQHmrdwwO_20vsql_ranger_arranger4func9construct8make_for
FNDA:0,_RNvNtNtCsjiXQHmrdwwO_20vsql_ranger_arranger4func9construct9empty_for
FNF:6
FNH:6
DA:8,18
DA:9,18
DA:10,18
DA:11,18
DA:12,18
DA:13,18
DA:14,11
DA:15,11
DA:18,4
DA:20,3
DA:22,11
DA:23,11
DA:24,11
DA:25,11
DA:26,11
DA:27,11
DA:28,11
DA:29,10
DA:30,1
DA:32,18
DA:33,18
DA:36,3
DA:37,3
DA:38,3
DA:39,3
DA:40,0
DA:42,3
DA:43,3
DA:46,7
DA:47,7
DA:48,7
DA:50,1
DA:51,1
DA:52,1
BRF:0
BRH:0
LF:34
LH:33
end_of_record
SF:/Users/sjanes/work26/ranger-arranger/vsql_ranger_arranger/src/func/extract.rs
FN:60,_RINvNtNtCskSe0MaurDGL_20vsql_ranger_arranger4func7extract13lower_inc_forNtNtNtB6_7subtype4date7DateOpsEB6_
FN:60,_RINvNtNtCskSe0MaurDGL_20vsql_ranger_arranger4func7extract13lower_inc_forNtNtNtB6_7subtype4int47Int4OpsEB6_
FN:60,_RINvNtNtCskSe0MaurDGL_20vsql_ranger_arranger4func7extract13lower_inc_forNtNtNtB6_7subtype4int87Int8OpsEB6_
FN:60,_RINvNtNtCskSe0MaurDGL_20vsql_ranger_arranger4func7extract13lower_inc_forNtNtNtB6_7subtype8datetime11DateTimeOpsEB6_
FN:72,_RINvNtNtCskSe0MaurDGL_20vsql_ranger_arranger4func7extract13upper_inc_forNtNtNtB6_7subtype4date7DateOpsEB6_
FN:72,_RINvNtNtCskSe0MaurDGL_20vsql_ranger_arranger4func7extract13upper_inc_forNtNtNtB6_7subtype4int47Int4OpsEB6_
FN:72,_RINvNtNtCskSe0MaurDGL_20vsql_ranger_arranger4func7extract13upper_inc_forNtNtNtB6_7subtype4int87Int8OpsEB6_
FN:72,_RINvNtNtCskSe0MaurDGL_20vsql_ranger_arranger4func7extract13upper_inc_forNtNtNtB6_7subtype8datetime11DateTimeOpsEB6_
FN:305,_RINvNtNtCskSe0MaurDGL_20vsql_ranger_arranger4func7extract14multirange_nthNtNtNtB6_7subtype4date7DateOpsEB6_
FN:305,_RINvNtNtCskSe0MaurDGL_20vsql_ranger_arranger4func7extract14multirange_nthNtNtNtB6_7subtype4int47Int4OpsEB6_
FN:305,_RINvNtNtCskSe0MaurDGL_20vsql_ranger_arranger4func7extract14multirange_nthNtNtNtB6_7subtype4int87Int8OpsEB6_
FN:305,_RINvNtNtCskSe0MaurDGL_20vsql_ranger_arranger4func7extract14multirange_nthNtNtNtB6_7subtype8datetime11DateTimeOpsEB6_
FN:171,_RINvNtNtCskSe0MaurDGL_20vsql_ranger_arranger4func7extract16multirange_upperNtNtNtB6_7subtype4date7DateOpsEB6_
FN:171,_RINvNtNtCskSe0MaurDGL_20vsql_ranger_arranger4func7extract16multirange_upperNtNtNtB6_7subtype4int47Int4OpsEB6_
FN:171,_RINvNtNtCskSe0MaurDGL_20vsql_ranger_arranger4func7extract16multirange_upperNtNtNtB6_7subtype4int87Int8OpsEB6_
FN:171,_RINvNtNtCskSe0MaurDGL_20vsql_ranger_arranger4func7extract16multirange_upperNtNtNtB6_7subtype8datetime11DateTimeOpsEB6_
FN:235,_RINvNtNtCskSe0MaurDGL_20vsql_ranger_arranger4func7extract17multirange_lengthNtNtNtB6_7subtype4date7DateOpsEB6_
FN:235,_RINvNtNtCskSe0MaurDGL_20vsql_ranger_arranger4func7extract17multirange_lengthNtNtNtB6_7subtype4int47Int4OpsEB6_
FN:235,_RINvNtNtCskSe0MaurDGL_20vsql_ranger_arranger4func7extract17multirange_lengthNtNtNtB6_7subtype4int87Int8OpsEB6_
FN:235,_RINvNtNtCskSe0MaurDGL_20vsql_ranger_arranger4func7extract17multirange_lengthNtNtNtB6_7subtype8datetime11DateTimeOpsEB6_
FN:220,_RINvNtNtCskSe0MaurDGL_20vsql_ranger_arranger4func7extract18multirange_isemptyNtNtNtB6_7subtype4date7DateOpsEB6_
FN:220,_RINvNtNtCskSe0MaurDGL_20vsql_ranger_arranger4func7extract18multirange_isemptyNtNtNtB6_7subtype4int47Int4OpsEB6_
FN:220,_RINvNtNtCskSe0MaurDGL_20vsql_ranger_arranger4func7extract18multirange_isemptyNtNtNtB6_7subtype4int87Int8OpsEB6_
FN:220,_RINvNtNtCskSe0MaurDGL_20vsql_ranger_arranger4func7extract18multirange_isemptyNtNtNtB6_7subtype8datetime11DateTimeOpsEB6_
FN:10,_RINvNtNtCskSe0MaurDGL_20vsql_ranger_arranger4func7extract9lower_forNtNtNtB6_7subtype4date7DateOpsEB6_
FN:10,_RINvNtNtCskSe0MaurDGL_20vsql_ranger_arranger4func7extract9lower_forNtNtNtB6_7subtype4int47Int4OpsEB6_
FN:10,_RINvNtNtCskSe0MaurDGL_20vsql_ranger_arranger4func7extract9lower_forNtNtNtB6_7subtype4int87Int8OpsEB6_
FN:10,_RINvNtNtCskSe0MaurDGL_20vsql_ranger_arranger4func7extract9lower_forNtNtNtB6_7subtype8datetime11DateTimeOpsEB6_
FN:35,_RINvNtNtCskSe0MaurDGL_20vsql_ranger_arranger4func7extract9upper_forNtNtNtB6_7subtype4date7DateOpsEB6_
FN:35,_RINvNtNtCskSe0MaurDGL_20vsql_ranger_arranger4func7extract9upper_forNtNtNtB6_7subtype4int47Int4OpsEB6_
FN:35,_RINvNtNtCskSe0MaurDGL_20vsql_ranger_arranger4func7extract9upper_forNtNtNtB6_7subtype4int87Int8OpsEB6_
FN:35,_RINvNtNtCskSe0MaurDGL_20vsql_ranger_arranger4func7extract9upper_forNtNtNtB6_7subtype8datetime11DateTimeOpsEB6_
FN:61,_RNCINvNtNtCskSe0MaurDGL_20vsql_ranger_arranger4func7extract13lower_inc_forNtNtNtB8_7subtype4date7DateOpsE0B8_
FN:61,_RNCINvNtNtCskSe0MaurDGL_20vsql_ranger_arranger4func7extract13lower_inc_forNtNtNtB8_7subtype4int47Int4OpsE0B8_
FN:61,_RNCINvNtNtCskSe0MaurDGL_20vsql_ranger_arranger4func7extract13lower_inc_forNtNtNtB8_7subtype4int87Int8OpsE0B8_
FN:61,_RNCINvNtNtCskSe0MaurDGL_20vsql_ranger_arranger4func7extract13lower_inc_forNtNtNtB8_7subtype8datetime11DateTimeOpsE0B8_
FN:73,_RNCINvNtNtCskSe0MaurDGL_20vsql_ranger_arranger4func7extract13upper_inc_forNtNtNtB8_7subtype4date7DateOpsE0B8_
FN:73,_RNCINvNtNtCskSe0MaurDGL_20vsql_ranger_arranger4func7extract13upper_inc_forNtNtNtB8_7subtype4int47Int4OpsE0B8_
FN:73,_RNCINvNtNtCskSe0MaurDGL_20vsql_ranger_arranger4func7extract13upper_inc_forNtNtNtB8_7subtype4int87Int8OpsE0B8_
FN:73,_RNCINvNtNtCskSe0MaurDGL_20vsql_ranger_arranger4func7extract13upper_inc_forNtNtNtB8_7subtype8datetime11DateTimeOpsE0B8_
FN:306,_RNCINvNtNtCskSe0MaurDGL_20vsql_ranger_arranger4func7extract14multirange_nthNtNtNtB8_7subtype4date7DateOpsE0B8_
FN:306,_RNCINvNtNtCskSe0MaurDGL_20vsql_ranger_arranger4func7extract14multirange_nthNtNtNtB8_7subtype4int47Int4OpsE0B8_
FN:306,_RNCINvNtNtCskSe0MaurDGL_20vsql_ranger_arranger4func7extract14multirange_nthNtNtNtB8_7subtype4int87Int8OpsE0B8_
FN:306,_RNCINvNtNtCskSe0MaurDGL_20vsql_ranger_arranger4func7extract14multirange_nthNtNtNtB8_7subtype8datetime11DateTimeOpsE0B8_
FN:172,_RNCINvNtNtCskSe0MaurDGL_20vsql_ranger_arranger4func7extract16multirange_upperNtNtNtB8_7subtype4date7DateOpsE0B8_
FN:172,_RNCINvNtNtCskSe0MaurDGL_20vsql_ranger_arranger4func7extract16multirange_upperNtNtNtB8_7subtype4int47Int4OpsE0B8_
FN:172,_RNCINvNtNtCskSe0MaurDGL_20vsql_ranger_arranger4func7extract16multirange_upperNtNtNtB8_7subtype4int87Int8OpsE0B8_
FN:172,_RNCINvNtNtCskSe0MaurDGL_20vsql_ranger_arranger4func7extract16multirange_upperNtNtNtB8_7subtype8datetime11DateTimeOpsE0B8_
FN:236,_RNCINvNtNtCskSe0MaurDGL_20vsql_ranger_arranger4func7extract17multirange_lengthNtNtNtB8_7subtype4date7DateOpsE0B8_
FN:236,_RNCINvNtNtCskSe0MaurDGL_20vsql_ranger_arranger4func7extract17multirange_lengthNtNtNtB8_7subtype4int47Int4OpsE0B8_
FN:236,_RNCINvNtNtCskSe0MaurDGL_20vsql_ranger_arranger4func7extract17multirange_lengthNtNtNtB8_7subtype4int87Int8OpsE0B8_
FN:236,_RNCINvNtNtCskSe0MaurDGL_20vsql_ranger_arranger4func7extract17multirange_lengthNtNtNtB8_7subtype8datetime11DateTimeOpsE0B8_
FN:221,_RNCINvNtNtCskSe0MaurDGL_20vsql_ranger_arranger4func7extract18multirange_isemptyNtNtNtB8_7subtype4date7DateOpsE0B8_
FN:221,_RNCINvNtNtCskSe0MaurDGL_20vsql_ranger_arranger4func7extract18multirange_isemptyNtNtNtB8_7subtype4int47Int4OpsE0B8_
FN:221,_RNCINvNtNtCskSe0MaurDGL_20vsql_ranger_arranger4func7extract18multirange_isemptyNtNtNtB8_7subtype4int87Int8OpsE0B8_
FN:221,_RNCINvNtNtCskSe0MaurDGL_20vsql_ranger_arranger4func7extract18multirange_isemptyNtNtNtB8_7subtype8datetime11DateTimeOpsE0B8_
FN:11,_RNCINvNtNtCskSe0MaurDGL_20vsql_ranger_arranger4func7extract9lower_forNtNtNtB8_7subtype4date7DateOpsE0B8_
FN:11,_RNCINvNtNtCskSe0MaurDGL_20vsql_ranger_arranger4func7extract9lower_forNtNtNtB8_7subtype4int47Int4OpsE0B8_
FN:11,_RNCINvNtNtCskSe0MaurDGL_20vsql_ranger_arranger4func7extract9lower_forNtNtNtB8_7subtype4int87Int8OpsE0B8_
FN:11,_RNCINvNtNtCskSe0MaurDGL_20vsql_ranger_arranger4func7extract9lower_forNtNtNtB8_7subtype8datetime11DateTimeOpsE0B8_
FN:36,_RNCINvNtNtCskSe0MaurDGL_20vsql_ranger_arranger4func7extract9upper_forNtNtNtB8_7subtype4date7DateOpsE0B8_
FN:36,_RNCINvNtNtCskSe0MaurDGL_20vsql_ranger_arranger4func7extract9upper_forNtNtNtB8_7subtype4int47Int4OpsE0B8_
FN:36,_RNCINvNtNtCskSe0MaurDGL_20vsql_ranger_arranger4func7extract9upper_forNtNtNtB8_7subtype4int87Int8OpsE0B8_
FN:36,_RNCINvNtNtCskSe0MaurDGL_20vsql_ranger_arranger4func7extract9upper_forNtNtNtB8_7subtype8datetime11DateTimeOpsE0B8_
FN:225,_RNCNCINvNtNtCskSe0MaurDGL_20vsql_ranger_arranger4func7extract18multirange_isemptyNtNtNtBa_7subtype4date7DateOpsE00Ba_
FN:225,_RNCNCINvNtNtCskSe0MaurDGL_20vsql_ranger_arranger4func7extract18multirange_isemptyNtNtNtBa_7subtype4int47Int4OpsE00Ba_
FN:225,_RNCNCINvNtNtCskSe0MaurDGL_20vsql_ranger_arranger4func7extract18multirange_isemptyNtNtNtBa_7subtype4int87Int8OpsE00Ba_
FN:225,_RNCNCINvNtNtCskSe0MaurDGL_20vsql_ranger_arranger4func7extract18multirange_isemptyNtNtNtBa_7subtype8datetime11DateTimeOpsE00Ba_
FN:108,_RNCNvNtNtCskSe0MaurDGL_20vsql_ranger_arranger4func7extract15multirange_make0B7_
FN:129,_RNCNvNtNtCskSe0MaurDGL_20vsql_ranger_arranger4func7extract16multirange_lower0B7_
FN:200,_RNCNvNtNtCskSe0MaurDGL_20vsql_ranger_arranger4func7extract20multirange_upper_inc0B7_
FN:337,_RNvNtNtCskSe0MaurDGL_20vsql_ranger_arranger4func7extract10datemr_nth
FN:165,_RNvNtNtCskSe0MaurDGL_20vsql_ranger_arranger4func7extract10dtmr_lower
FN:290,_RNvNtNtCskSe0MaurDGL_20vsql_ranger_arranger4func7extract10dtmr_upper
FN:334,_RNvNtNtCskSe0MaurDGL_20vsql_ranger_arranger4func7extract10int4mr_nth
FN:86,_RNvNtNtCskSe0MaurDGL_20vsql_ranger_arranger4func7extract10int8_lower
FN:90,_RNvNtNtCskSe0MaurDGL_20vsql_ranger_arranger4func7extract10int8_upper
FN:331,_RNvNtNtCskSe0MaurDGL_20vsql_ranger_arranger4func7extract10int8mr_nth
FN:155,_RNvNtNtCskSe0MaurDGL_20vsql_ranger_arranger4func7extract11datemr_make
FN:299,_RNvNtNtCskSe0MaurDGL_20vsql_ranger_arranger4func7extract11dtmr_length
FN:148,_RNvNtNtCskSe0MaurDGL_20vsql_ranger_arranger4func7extract11int4mr_make
FN:141,_RNvNtNtCskSe0MaurDGL_20vsql_ranger_arranger4func7extract11int8mr_make
FN:158,_RNvNtNtCskSe0MaurDGL_20vsql_ranger_arranger4func7extract12datemr_lower
FN:277,_RNvNtNtCskSe0MaurDGL_20vsql_ranger_arranger4func7extract12datemr_upper
FN:296,_RNvNtNtCskSe0MaurDGL_20vsql_ranger_arranger4func7extract12dtmr_isempty
FN:151,_RNvNtNtCskSe0MaurDGL_20vsql_ranger_arranger4func7extract12int4mr_lower
FN:264,_RNvNtNtCskSe0MaurDGL_20vsql_ranger_arranger4func7extract12int4mr_upper
FN:144,_RNvNtNtCskSe0MaurDGL_20vsql_ranger_arranger4func7extract12int8mr_lower
FN:251,_RNvNtNtCskSe0MaurDGL_20vsql_ranger_arranger4func7extract12int8mr_upper
FN:286,_RNvNtNtCskSe0MaurDGL_20vsql_ranger_arranger4func7extract13datemr_length
FN:273,_RNvNtNtCskSe0MaurDGL_20vsql_ranger_arranger4func7extract13int4mr_length
FN:260,_RNvNtNtCskSe0MaurDGL_20vsql_ranger_arranger4func7extract13int8mr_length
FN:283,_RNvNtNtCskSe0MaurDGL_20vsql_ranger_arranger4func7extract14datemr_isempty
FN:293,_RNvNtNtCskSe0MaurDGL_20vsql_ranger_arranger4func7extract14dtmr_upper_inc
FN:270,_RNvNtNtCskSe0MaurDGL_20vsql_ranger_arranger4func7extract14int4mr_isempty
FN:94,_RNvNtNtCskSe0MaurDGL_20vsql_ranger_arranger4func7extract14int8_lower_inc
FN:98,_RNvNtNtCskSe0MaurDGL_20vsql_ranger_arranger4func7extract14int8_upper_inc
FN:257,_RNvNtNtCskSe0MaurDGL_20vsql_ranger_arranger4func7extract14int8mr_isempty
FN:104,_RNvNtNtCskSe0MaurDGL_20vsql_ranger_arranger4func7extract15multirange_make
FN:280,_RNvNtNtCskSe0MaurDGL_20vsql_ranger_arranger4func7extract16datemr_upper_inc
FN:267,_RNvNtNtCskSe0MaurDGL_20vsql_ranger_arranger4func7extract16int4mr_upper_inc
FN:254,_RNvNtNtCskSe0MaurDGL_20vsql_ranger_arranger4func7extract16int8mr_upper_inc
FN:125,_RNvNtNtCskSe0MaurDGL_20vsql_ranger_arranger4func7extract16multirange_lower
FN:199,_RNvNtNtCskSe0MaurDGL_20vsql_ranger_arranger4func7extract20multirange_upper_inc
FN:340,_RNvNtNtCskSe0MaurDGL_20vsql_ranger_arranger4func7extract8dtmr_nth
FN:162,_RNvNtNtCskSe0MaurDGL_20vsql_ranger_arranger4func7extract9dtmr_make
FN:104,_RNvNtNtCsjiXQHmrdwwO_20vsql_ranger_arranger4func7extract15multirange_make
FN:125,_RNvNtNtCsjiXQHmrdwwO_20vsql_ranger_arranger4func7extract16multirange_lower
FN:60,_RINvNtNtCsjiXQHmrdwwO_20vsql_ranger_arranger4func7extract13lower_inc_forNtNtNtB6_7subtype4date7DateOpsEB6_
FN:60,_RINvNtNtCsjiXQHmrdwwO_20vsql_ranger_arranger4func7extract13lower_inc_forNtNtNtB6_7subtype4int47Int4OpsEB6_
FN:60,_RINvNtNtCsjiXQHmrdwwO_20vsql_ranger_arranger4func7extract13lower_inc_forNtNtNtB6_7subtype4int87Int8OpsEB6_
FN:60,_RINvNtNtCsjiXQHmrdwwO_20vsql_ranger_arranger4func7extract13lower_inc_forNtNtNtB6_7subtype8datetime11DateTimeOpsEB6_
FN:72,_RINvNtNtCsjiXQHmrdwwO_20vsql_ranger_arranger4func7extract13upper_inc_forNtNtNtB6_7subtype4date7DateOpsEB6_
FN:72,_RINvNtNtCsjiXQHmrdwwO_20vsql_ranger_arranger4func7extract13upper_inc_forNtNtNtB6_7subtype4int47Int4OpsEB6_
FN:72,_RINvNtNtCsjiXQHmrdwwO_20vsql_ranger_arranger4func7extract13upper_inc_forNtNtNtB6_7subtype4int87Int8OpsEB6_
FN:72,_RINvNtNtCsjiXQHmrdwwO_20vsql_ranger_arranger4func7extract13upper_inc_forNtNtNtB6_7subtype8datetime11DateTimeOpsEB6_
FN:10,_RINvNtNtCsjiXQHmrdwwO_20vsql_ranger_arranger4func7extract9lower_forNtNtNtB6_7subtype4date7DateOpsEB6_
FN:10,_RINvNtNtCsjiXQHmrdwwO_20vsql_ranger_arranger4func7extract9lower_forNtNtNtB6_7subtype4int47Int4OpsEB6_
FN:10,_RINvNtNtCsjiXQHmrdwwO_20vsql_ranger_arranger4func7extract9lower_forNtNtNtB6_7subtype4int87Int8OpsEB6_
FN:10,_RINvNtNtCsjiXQHmrdwwO_20vsql_ranger_arranger4func7extract9lower_forNtNtNtB6_7subtype8datetime11DateTimeOpsEB6_
FN:35,_RINvNtNtCsjiXQHmrdwwO_20vsql_ranger_arranger4func7extract9upper_forNtNtNtB6_7subtype4date7DateOpsEB6_
FN:35,_RINvNtNtCsjiXQHmrdwwO_20vsql_ranger_arranger4func7extract9upper_forNtNtNtB6_7subtype4int47Int4OpsEB6_
FN:35,_RINvNtNtCsjiXQHmrdwwO_20vsql_ranger_arranger4func7extract9upper_forNtNtNtB6_7subtype4int87Int8OpsEB6_
FN:35,_RINvNtNtCsjiXQHmrdwwO_20vsql_ranger_arranger4func7extract9upper_forNtNtNtB6_7subtype8datetime11DateTimeOpsEB6_
FN:61,_RNCINvNtNtCsjiXQHmrdwwO_20vsql_ranger_arranger4func7extract13lower_inc_forNtNtNtB8_7subtype4date7DateOpsE0B8_
FN:61,_RNCINvNtNtCsjiXQHmrdwwO_20vsql_ranger_arranger4func7extract13lower_inc_forNtNtNtB8_7subtype4int47Int4OpsE0B8_
FN:61,_RNCINvNtNtCsjiXQHmrdwwO_20vsql_ranger_arranger4func7extract13lower_inc_forNtNtNtB8_7subtype4int87Int8OpsE0B8_
FN:61,_RNCINvNtNtCsjiXQHmrdwwO_20vsql_ranger_arranger4func7extract13lower_inc_forNtNtNtB8_7subtype8datetime11DateTimeOpsE0B8_
FN:73,_RNCINvNtNtCsjiXQHmrdwwO_20vsql_ranger_arranger4func7extract13upper_inc_forNtNtNtB8_7subtype4date7DateOpsE0B8_
FN:73,_RNCINvNtNtCsjiXQHmrdwwO_20vsql_ranger_arranger4func7extract13upper_inc_forNtNtNtB8_7subtype4int47Int4OpsE0B8_
FN:73,_RNCINvNtNtCsjiXQHmrdwwO_20vsql_ranger_arranger4func7extract13upper_inc_forNtNtNtB8_7subtype4int87Int8OpsE0B8_
FN:73,_RNCINvNtNtCsjiXQHmrdwwO_20vsql_ranger_arranger4func7extract13upper_inc_forNtNtNtB8_7subtype8datetime11DateTimeOpsE0B8_
FN:11,_RNCINvNtNtCsjiXQHmrdwwO_20vsql_ranger_arranger4func7extract9lower_forNtNtNtB8_7subtype4date7DateOpsE0B8_
FN:11,_RNCINvNtNtCsjiXQHmrdwwO_20vsql_ranger_arranger4func7extract9lower_forNtNtNtB8_7subtype4int47Int4OpsE0B8_
FN:11,_RNCINvNtNtCsjiXQHmrdwwO_20vsql_ranger_arranger4func7extract9lower_forNtNtNtB8_7subtype4int87Int8OpsE0B8_
FN:11,_RNCINvNtNtCsjiXQHmrdwwO_20vsql_ranger_arranger4func7extract9lower_forNtNtNtB8_7subtype8datetime11DateTimeOpsE0B8_
FN:36,_RNCINvNtNtCsjiXQHmrdwwO_20vsql_ranger_arranger4func7extract9upper_forNtNtNtB8_7subtype4date7DateOpsE0B8_
FN:36,_RNCINvNtNtCsjiXQHmrdwwO_20vsql_ranger_arranger4func7extract9upper_forNtNtNtB8_7subtype4int47Int4OpsE0B8_
FN:36,_RNCINvNtNtCsjiXQHmrdwwO_20vsql_ranger_arranger4func7extract9upper_forNtNtNtB8_7subtype4int87Int8OpsE0B8_
FN:36,_RNCINvNtNtCsjiXQHmrdwwO_20vsql_ranger_arranger4func7extract9upper_forNtNtNtB8_7subtype8datetime11DateTimeOpsE0B8_
FN:108,_RNCNvNtNtCsjiXQHmrdwwO_20vsql_ranger_arranger4func7extract15multirange_make0B7_
FN:129,_RNCNvNtNtCsjiXQHmrdwwO_20vsql_ranger_arranger4func7extract16multirange_lower0B7_
FN:305,_RINvNtNtCsjiXQHmrdwwO_20vsql_ranger_arranger4func7extract14multirange_nthpEB6_
FN:171,_RINvNtNtCsjiXQHmrdwwO_20vsql_ranger_arranger4func7extract16multirange_upperpEB6_
FN:235,_RINvNtNtCsjiXQHmrdwwO_20vsql_ranger_arranger4func7extract17multirange_lengthpEB6_
FN:220,_RINvNtNtCsjiXQHmrdwwO_20vsql_ranger_arranger4func7extract18multirange_isemptypEB6_
FN:306,_RNCINvNtNtCsjiXQHmrdwwO_20vsql_ranger_arranger4func7extract14multirange_nthpE0B8_
FN:172,_RNCINvNtNtCsjiXQHmrdwwO_20vsql_ranger_arranger4func7extract16multirange_upperpE0B8_
FN:236,_RNCINvNtNtCsjiXQHmrdwwO_20vsql_ranger_arranger4func7extract17multirange_lengthpE0B8_
FN:221,_RNCINvNtNtCsjiXQHmrdwwO_20vsql_ranger_arranger4func7extract18multirange_isemptypE0B8_
FN:225,_RNCNCINvNtNtCsjiXQHmrdwwO_20vsql_ranger_arranger4func7extract18multirange_isemptypE00Ba_
FN:200,_RNCNvNtNtCsjiXQHmrdwwO_20vsql_ranger_arranger4func7extract20multirange_upper_inc0B7_
FN:337,_RNvNtNtCsjiXQHmrdwwO_20vsql_ranger_arranger4func7extract10datemr_nth
FN:165,_RNvNtNtCsjiXQHmrdwwO_20vsql_ranger_arranger4func7extract10dtmr_lower
FN:290,_RNvNtNtCsjiXQHmrdwwO_20vsql_ranger_arranger4func7extract10dtmr_upper
FN:334,_RNvNtNtCsjiXQHmrdwwO_20vsql_ranger_arranger4func7extract10int4mr_nth
FN:86,_RNvNtNtCsjiXQHmrdwwO_20vsql_ranger_arranger4func7extract10int8_lower
FN:90,_RNvNtNtCsjiXQHmrdwwO_20vsql_ranger_arranger4func7extract10int8_upper
FN:331,_RNvNtNtCsjiXQHmrdwwO_20vsql_ranger_arranger4func7extract10int8mr_nth
FN:155,_RNvNtNtCsjiXQHmrdwwO_20vsql_ranger_arranger4func7extract11datemr_make
FN:299,_RNvNtNtCsjiXQHmrdwwO_20vsql_ranger_arranger4func7extract11dtmr_length
FN:148,_RNvNtNtCsjiXQHmrdwwO_20vsql_ranger_arranger4func7extract11int4mr_make
FN:141,_RNvNtNtCsjiXQHmrdwwO_20vsql_ranger_arranger4func7extract11int8mr_make
FN:158,_RNvNtNtCsjiXQHmrdwwO_20vsql_ranger_arranger4func7extract12datemr_lower
FN:277,_RNvNtNtCsjiXQHmrdwwO_20vsql_ranger_arranger4func7extract12datemr_upper
FN:296,_RNvNtNtCsjiXQHmrdwwO_20vsql_ranger_arranger4func7extract12dtmr_isempty
FN:151,_RNvNtNtCsjiXQHmrdwwO_20vsql_ranger_arranger4func7extract12int4mr_lower
FN:264,_RNvNtNtCsjiXQHmrdwwO_20vsql_ranger_arranger4func7extract12int4mr_upper
FN:144,_RNvNtNtCsjiXQHmrdwwO_20vsql_ranger_arranger4func7extract12int8mr_lower
FN:251,_RNvNtNtCsjiXQHmrdwwO_20vsql_ranger_arranger4func7extract12int8mr_upper
FN:286,_RNvNtNtCsjiXQHmrdwwO_20vsql_ranger_arranger4func7extract13datemr_length
FN:273,_RNvNtNtCsjiXQHmrdwwO_20vsql_ranger_arranger4func7extract13int4mr_length
FN:260,_RNvNtNtCsjiXQHmrdwwO_20vsql_ranger_arranger4func7extract13int8mr_length
FN:283,_RNvNtNtCsjiXQHmrdwwO_20vsql_ranger_arranger4func7extract14datemr_isempty
FN:293,_RNvNtNtCsjiXQHmrdwwO_20vsql_ranger_arranger4func7extract14dtmr_upper_inc
FN:270,_RNvNtNtCsjiXQHmrdwwO_20vsql_ranger_arranger4func7extract14int4mr_isempty
FN:94,_RNvNtNtCsjiXQHmrdwwO_20vsql_ranger_arranger4func7extract14int8_lower_inc
FN:98,_RNvNtNtCsjiXQHmrdwwO_20vsql_ranger_arranger4func7extract14int8_upper_inc
FN:257,_RNvNtNtCsjiXQHmrdwwO_20vsql_ranger_arranger4func7extract14int8mr_isempty
FN:280,_RNvNtNtCsjiXQHmrdwwO_20vsql_ranger_arranger4func7extract16datemr_upper_inc
FN:267,_RNvNtNtCsjiXQHmrdwwO_20vsql_ranger_arranger4func7extract16int4mr_upper_inc
FN:254,_RNvNtNtCsjiXQHmrdwwO_20vsql_ranger_arranger4func7extract16int8mr_upper_inc
FN:199,_RNvNtNtCsjiXQHmrdwwO_20vsql_ranger_arranger4func7extract20multirange_upper_inc
FN:340,_RNvNtNtCsjiXQHmrdwwO_20vsql_ranger_arranger4func7extract8dtmr_nth
FN:162,_RNvNtNtCsjiXQHmrdwwO_20vsql_ranger_arranger4func7extract9dtmr_make
FNDA:0,_RINvNtNtCskSe0MaurDGL_20vsql_ranger_arranger4func7extract13lower_inc_forNtNtNtB6_7subtype4date7DateOpsEB6_
FNDA:0,_RINvNtNtCskSe0MaurDGL_20vsql_ranger_arranger4func7extract13lower_inc_forNtNtNtB6_7subtype4int47Int4OpsEB6_
FNDA:3,_RINvNtNtCskSe0MaurDGL_20vsql_ranger_arranger4func7extract13lower_inc_forNtNtNtB6_7subtype4int87Int8OpsEB6_
FNDA:0,_RINvNtNtCskSe0MaurDGL_20vsql_ranger_arranger4func7extract13lower_inc_forNtNtNtB6_7subtype8datetime11DateTimeOpsEB6_
FNDA:0,_RINvNtNtCskSe0MaurDGL_20vsql_ranger_arranger4func7extract13upper_inc_forNtNtNtB6_7subtype4date7DateOpsEB6_
FNDA:0,_RINvNtNtCskSe0MaurDGL_20vsql_ranger_arranger4func7extract13upper_inc_forNtNtNtB6_7subtype4int47Int4OpsEB6_
FNDA:3,_RINvNtNtCskSe0MaurDGL_20vsql_ranger_arranger4func7extract13upper_inc_forNtNtNtB6_7subtype4int87Int8OpsEB6_
FNDA:0,_RINvNtNtCskSe0MaurDGL_20vsql_ranger_arranger4func7extract13upper_inc_forNtNtNtB6_7subtype8datetime11DateTimeOpsEB6_
FNDA:1,_RINvNtNtCskSe0MaurDGL_20vsql_ranger_arranger4func7extract14multirange_nthNtNtNtB6_7subtype4date7DateOpsEB6_
FNDA:1,_RINvNtNtCskSe0MaurDGL_20vsql_ranger_arranger4func7extract14multirange_nthNtNtNtB6_7subtype4int47Int4OpsEB6_
FNDA:7,_RINvNtNtCskSe0MaurDGL_20vsql_ranger_arranger4func7extract14multirange_nthNtNtNtB6_7subtype4int87Int8OpsEB6_
FNDA:1,_RINvNtNtCskSe0MaurDGL_20vsql_ranger_arranger4func7extract14multirange_nthNtNtNtB6_7subtype8datetime11DateTimeOpsEB6_
FNDA:1,_RINvNtNtCskSe0MaurDGL_20vsql_ranger_arranger4func7extract16multirange_upperNtNtNtB6_7subtype4date7DateOpsEB6_
FNDA:1,_RINvNtNtCskSe0MaurDGL_20vsql_ranger_arranger4func7extract16multirange_upperNtNtNtB6_7subtype4int47Int4OpsEB6_
FNDA:3,_RINvNtNtCskSe0MaurDGL_20vsql_ranger_arranger4func7extract16multirange_upperNtNtNtB6_7subtype4int87Int8OpsEB6_
FNDA:2,_RINvNtNtCskSe0MaurDGL_20vsql_ranger_arranger4func7extract16multirange_upperNtNtNtB6_7subtype8datetime11DateTimeOpsEB6_
FNDA:1,_RINvNtNtCskSe0MaurDGL_20vsql_ranger_arranger4func7extract17multirange_lengthNtNtNtB6_7subtype4date7DateOpsEB6_
FNDA:1,_RINvNtNtCskSe0MaurDGL_20vsql_ranger_arranger4func7extract17multirange_lengthNtNtNtB6_7subtype4int47Int4OpsEB6_
FNDA:2,_RINvNtNtCskSe0MaurDGL_20vsql_ranger_arranger4func7extract17multirange_lengthNtNtNtB6_7subtype4int87Int8OpsEB6_
FNDA:1,_RINvNtNtCskSe0MaurDGL_20vsql_ranger_arranger4func7extract17multirange_lengthNtNtNtB6_7subtype8datetime11DateTimeOpsEB6_
FNDA:0,_RINvNtNtCskSe0MaurDGL_20vsql_ranger_arranger4func7extract18multirange_isemptyNtNtNtB6_7subtype4date7DateOpsEB6_
FNDA:0,_RINvNtNtCskSe0MaurDGL_20vsql_ranger_arranger4func7extract18multirange_isemptyNtNtNtB6_7subtype4int47Int4OpsEB6_
FNDA:3,_RINvNtNtCskSe0MaurDGL_20vsql_ranger_arranger4func7extract18multirange_isemptyNtNtNtB6_7subtype4int87Int8OpsEB6_
FNDA:0,_RINvNtNtCskSe0MaurDGL_20vsql_ranger_arranger4func7extract18multirange_isemptyNtNtNtB6_7subtype8datetime11DateTimeOpsEB6_
FNDA:0,_RINvNtNtCskSe0MaurDGL_20vsql_ranger_arranger4func7extract9lower_forNtNtNtB6_7subtype4date7DateOpsEB6_
FNDA:0,_RINvNtNtCskSe0MaurDGL_20vsql_ranger_arranger4func7extract9lower_forNtNtNtB6_7subtype4int47Int4OpsEB6_
FNDA:6,_RINvNtNtCskSe0MaurDGL_20vsql_ranger_arranger4func7extract9lower_forNtNtNtB6_7subtype4int87Int8OpsEB6_
FNDA:0,_RINvNtNtCskSe0MaurDGL_20vsql_ranger_arranger4func7extract9lower_forNtNtNtB6_7subtype8datetime11DateTimeOpsEB6_
FNDA:0,_RINvNtNtCskSe0MaurDGL_20vsql_ranger_arranger4func7extract9upper_forNtNtNtB6_7subtype4date7DateOpsEB6_
FNDA:0,_RINvNtNtCskSe0MaurDGL_20vsql_ranger_arranger4func7extract9upper_forNtNtNtB6_7subtype4int47Int4OpsEB6_
FNDA:4,_RINvNtNtCskSe0MaurDGL_20vsql_ranger_arranger4func7extract9upper_forNtNtNtB6_7subtype4int87Int8OpsEB6_
FNDA:0,_RINvNtNtCskSe0MaurDGL_20vsql_ranger_arranger4func7extract9upper_forNtNtNtB6_7subtype8datetime11DateTimeOpsEB6_
FNDA:0,_RNCINvNtNtCskSe0MaurDGL_20vsql_ranger_arranger4func7extract13lower_inc_forNtNtNtB8_7subtype4date7DateOpsE0B8_
FNDA:0,_RNCINvNtNtCskSe0MaurDGL_20vsql_ranger_arranger4func7extract13lower_inc_forNtNtNtB8_7subtype4int47Int4OpsE0B8_
FNDA:3,_RNCINvNtNtCskSe0MaurDGL_20vsql_ranger_arranger4func7extract13lower_inc_forNtNtNtB8_7subtype4int87Int8OpsE0B8_
FNDA:0,_RNCINvNtNtCskSe0MaurDGL_20vsql_ranger_arranger4func7extract13lower_inc_forNtNtNtB8_7subtype8datetime11DateTimeOpsE0B8_
FNDA:0,_RNCINvNtNtCskSe0MaurDGL_20vsql_ranger_arranger4func7extract13upper_inc_forNtNtNtB8_7subtype4date7DateOpsE0B8_
FNDA:0,_RNCINvNtNtCskSe0MaurDGL_20vsql_ranger_arranger4func7extract13upper_inc_forNtNtNtB8_7subtype4int47Int4OpsE0B8_
FNDA:3,_RNCINvNtNtCskSe0MaurDGL_20vsql_ranger_arranger4func7extract13upper_inc_forNtNtNtB8_7subtype4int87Int8OpsE0B8_
FNDA:0,_RNCINvNtNtCskSe0MaurDGL_20vsql_ranger_arranger4func7extract13upper_inc_forNtNtNtB8_7subtype8datetime11DateTimeOpsE0B8_
FNDA:1,_RNCINvNtNtCskSe0MaurDGL_20vsql_ranger_arranger4func7extract14multirange_nthNtNtNtB8_7subtype4date7DateOpsE0B8_
FNDA:1,_RNCINvNtNtCskSe0MaurDGL_20vsql_ranger_arranger4func7extract14multirange_nthNtNtNtB8_7subtype4int47Int4OpsE0B8_
FNDA:7,_RNCINvNtNtCskSe0MaurDGL_20vsql_ranger_arranger4func7extract14multirange_nthNtNtNtB8_7subtype4int87Int8OpsE0B8_
FNDA:1,_RNCINvNtNtCskSe0MaurDGL_20vsql_ranger_arranger4func7extract14multirange_nthNtNtNtB8_7subtype8datetime11DateTimeOpsE0B8_
FNDA:1,_RNCINvNtNtCskSe0MaurDGL_20vsql_ranger_arranger4func7extract16multirange_upperNtNtNtB8_7subtype4date7DateOpsE0B8_
FNDA:1,_RNCINvNtNtCskSe0MaurDGL_20vsql_ranger_arranger4func7extract16multirange_upperNtNtNtB8_7subtype4int47Int4OpsE0B8_
FNDA:3,_RNCINvNtNtCskSe0MaurDGL_20vsql_ranger_arranger4func7extract16multirange_upperNtNtNtB8_7subtype4int87Int8OpsE0B8_
FNDA:2,_RNCINvNtNtCskSe0MaurDGL_20vsql_ranger_arranger4func7extract16multirange_upperNtNtNtB8_7subtype8datetime11DateTimeOpsE0B8_
FNDA:1,_RNCINvNtNtCskSe0MaurDGL_20vsql_ranger_arranger4func7extract17multirange_lengthNtNtNtB8_7subtype4date7DateOpsE0B8_
FNDA:1,_RNCINvNtNtCskSe0MaurDGL_20vsql_ranger_arranger4func7extract17multirange_lengthNtNtNtB8_7subtype4int47Int4OpsE0B8_
FNDA:2,_RNCINvNtNtCskSe0MaurDGL_20vsql_ranger_arranger4func7extract17multirange_lengthNtNtNtB8_7subtype4int87Int8OpsE0B8_
FNDA:1,_RNCINvNtNtCskSe0MaurDGL_20vsql_ranger_arranger4func7extract17multirange_lengthNtNtNtB8_7subtype8datetime11DateTimeOpsE0B8_
FNDA:0,_RNCINvNtNtCskSe0MaurDGL_20vsql_ranger_arranger4func7extract18multirange_isemptyNtNtNtB8_7subtype4date7DateOpsE0B8_
FNDA:0,_RNCINvNtNtCskSe0MaurDGL_20vsql_ranger_arranger4func7extract18multirange_isemptyNtNtNtB8_7subtype4int47Int4OpsE0B8_
FNDA:3,_RNCINvNtNtCskSe0MaurDGL_20vsql_ranger_arranger4func7extract18multirange_isemptyNtNtNtB8_7subtype4int87Int8OpsE0B8_
FNDA:0,_RNCINvNtNtCskSe0MaurDGL_20vsql_ranger_arranger4func7extract18multirange_isemptyNtNtNtB8_7subtype8datetime11DateTimeOpsE0B8_
FNDA:0,_RNCINvNtNtCskSe0MaurDGL_20vsql_ranger_arranger4func7extract9lower_forNtNtNtB8_7subtype4date7DateOpsE0B8_
FNDA:0,_RNCINvNtNtCskSe0MaurDGL_20vsql_ranger_arranger4func7extract9lower_forNtNtNtB8_7subtype4int47Int4OpsE0B8_
FNDA:6,_RNCINvNtNtCskSe0MaurDGL_20vsql_ranger_arranger4func7extract9lower_forNtNtNtB8_7subtype4int87Int8OpsE0B8_
FNDA:0,_RNCINvNtNtCskSe0MaurDGL_20vsql_ranger_arranger4func7extract9lower_forNtNtNtB8_7subtype8datetime11DateTimeOpsE0B8_
FNDA:0,_RNCINvNtNtCskSe0MaurDGL_20vsql_ranger_arranger4func7extract9upper_forNtNtNtB8_7subtype4date7DateOpsE0B8_
FNDA:0,_RNCINvNtNtCskSe0MaurDGL_20vsql_ranger_arranger4func7extract9upper_forNtNtNtB8_7subtype4int47Int4OpsE0B8_
FNDA:4,_RNCINvNtNtCskSe0MaurDGL_20vsql_ranger_arranger4func7extract9upper_forNtNtNtB8_7subtype4int87Int8OpsE0B8_
FNDA:0,_RNCINvNtNtCskSe0MaurDGL_20vsql_ranger_arranger4func7extract9upper_forNtNtNtB8_7subtype8datetime11DateTimeOpsE0B8_
FNDA:0,_RNCNCINvNtNtCskSe0MaurDGL_20vsql_ranger_arranger4func7extract18multirange_isemptyNtNtNtBa_7subtype4date7DateOpsE00Ba_
FNDA:0,_RNCNCINvNtNtCskSe0MaurDGL_20vsql_ranger_arranger4func7extract18multirange_isemptyNtNtNtBa_7subtype4int47Int4OpsE00Ba_
FNDA:3,_RNCNCINvNtNtCskSe0MaurDGL_20vsql_ranger_arranger4func7extract18multirange_isemptyNtNtNtBa_7subtype4int87Int8OpsE00Ba_
FNDA:0,_RNCNCINvNtNtCskSe0MaurDGL_20vsql_ranger_arranger4func7extract18multirange_isemptyNtNtNtBa_7subtype8datetime11DateTimeOpsE00Ba_
FNDA:19,_RNCNvNtNtCskSe0MaurDGL_20vsql_ranger_arranger4func7extract15multirange_make0B7_
FNDA:5,_RNCNvNtNtCskSe0MaurDGL_20vsql_ranger_arranger4func7extract16multirange_lower0B7_
FNDA:1,_RNCNvNtNtCskSe0MaurDGL_20vsql_ranger_arranger4func7extract20multirange_upper_inc0B7_
FNDA:1,_RNvNtNtCskSe0MaurDGL_20vsql_ranger_arranger4func7extract10datemr_nth
FNDA:1,_RNvNtNtCskSe0MaurDGL_20vsql_ranger_arranger4func7extract10dtmr_lower
FNDA:2,_RNvNtNtCskSe0MaurDGL_20vsql_ranger_arranger4func7extract10dtmr_upper
FNDA:1,_RNvNtNtCskSe0MaurDGL_20vsql_ranger_arranger4func7extract10int4mr_nth
FNDA:3,_RNvNtNtCskSe0MaurDGL_20vsql_ranger_arranger4func7extract10int8_lower
FNDA:1,_RNvNtNtCskSe0MaurDGL_20vsql_ranger_arranger4func7extract10int8_upper
FNDA:7,_RNvNtNtCskSe0MaurDGL_20vsql_ranger_arranger4func7extract10int8mr_nth
FNDA:2,_RNvNtNtCskSe0MaurDGL_20vsql_ranger_arranger4func7extract11datemr_make
FNDA:1,_RNvNtNtCskSe0MaurDGL_20vsql_ranger_arranger4func7extract11dtmr_length
FNDA:2,_RNvNtNtCskSe0MaurDGL_20vsql_ranger_arranger4func7extract11int4mr_make
FNDA:13,_RNvNtNtCskSe0MaurDGL_20vsql_ranger_arranger4func7extract11int8mr_make
FNDA:1,_RNvNtNtCskSe0MaurDGL_20vsql_ranger_arranger4func7extract12datemr_lower
FNDA:1,_RNvNtNtCskSe0MaurDGL_20vsql_ranger_arranger4func7extract12datemr_upper
FNDA:0,_RNvNtNtCskSe0MaurDGL_20vsql_ranger_arranger4func7extract12dtmr_isempty
FNDA:1,_RNvNtNtCskSe0MaurDGL_20vsql_ranger_arranger4func7extract12int4mr_lower
FNDA:1,_RNvNtNtCskSe0MaurDGL_20vsql_ranger_arranger4func7extract12int4mr_upper
FNDA:2,_RNvNtNtCskSe0MaurDGL_20vsql_ranger_arranger4func7extract12int8mr_lower
FNDA:3,_RNvNtNtCskSe0MaurDGL_20vsql_ranger_arranger4func7extract12int8mr_upper
FNDA:1,_RNvNtNtCskSe0MaurDGL_20vsql_ranger_arranger4func7extract13datemr_length
FNDA:1,_RNvNtNtCskSe0MaurDGL_20vsql_ranger_arranger4func7extract13int4mr_length
FNDA:2,_RNvNtNtCskSe0MaurDGL_20vsql_ranger_arranger4func7extract13int8mr_length
FNDA:0,_RNvNtNtCskSe0MaurDGL_20vsql_ranger_arranger4func7extract14datemr_isempty
FNDA:0,_RNvNtNtCskSe0MaurDGL_20vsql_ranger_arranger4func7extract14dtmr_upper_inc
FNDA:0,_RNvNtNtCskSe0MaurDGL_20vsql_ranger_arranger4func7extract14int4mr_isempty
FNDA:1,_RNvNtNtCskSe0MaurDGL_20vsql_ranger_arranger4func7extract14int8_lower_inc
FNDA:1,_RNvNtNtCskSe0MaurDGL_20vsql_ranger_arranger4func7extract14int8_upper_inc
FNDA:3,_RNvNtNtCskSe0MaurDGL_20vsql_ranger_arranger4func7extract14int8mr_isempty
FNDA:19,_RNvNtNtCskSe0MaurDGL_20vsql_ranger_arranger4func7extract15multirange_make
FNDA:0,_RNvNtNtCskSe0MaurDGL_20vsql_ranger_arranger4func7extract16datemr_upper_inc
FNDA:0,_RNvNtNtCskSe0MaurDGL_20vsql_ranger_arranger4func7extract16int4mr_upper_inc
FNDA:1,_RNvNtNtCskSe0MaurDGL_20vsql_ranger_arranger4func7extract16int8mr_upper_inc
FNDA:5,_RNvNtNtCskSe0MaurDGL_20vsql_ranger_arranger4func7extract16multirange_lower
FNDA:1,_RNvNtNtCskSe0MaurDGL_20vsql_ranger_arranger4func7extract20multirange_upper_inc
FNDA:1,_RNvNtNtCskSe0MaurDGL_20vsql_ranger_arranger4func7extract8dtmr_nth
FNDA:2,_RNvNtNtCskSe0MaurDGL_20vsql_ranger_arranger4func7extract9dtmr_make
FNDA:0,_RNvNtNtCsjiXQHmrdwwO_20vsql_ranger_arranger4func7extract15multirange_make
FNDA:0,_RNvNtNtCsjiXQHmrdwwO_20vsql_ranger_arranger4func7extract16multirange_lower
FNDA:0,_RINvNtNtCsjiXQHmrdwwO_20vsql_ranger_arranger4func7extract13lower_inc_forNtNtNtB6_7subtype4date7DateOpsEB6_
FNDA:0,_RINvNtNtCsjiXQHmrdwwO_20vsql_ranger_arranger4func7extract13lower_inc_forNtNtNtB6_7subtype4int47Int4OpsEB6_
FNDA:0,_RINvNtNtCsjiXQHmrdwwO_20vsql_ranger_arranger4func7extract13lower_inc_forNtNtNtB6_7subtype4int87Int8OpsEB6_
FNDA:0,_RINvNtNtCsjiXQHmrdwwO_20vsql_ranger_arranger4func7extract13lower_inc_forNtNtNtB6_7subtype8datetime11DateTimeOpsEB6_
FNDA:0,_RINvNtNtCsjiXQHmrdwwO_20vsql_ranger_arranger4func7extract13upper_inc_forNtNtNtB6_7subtype4date7DateOpsEB6_
FNDA:0,_RINvNtNtCsjiXQHmrdwwO_20vsql_ranger_arranger4func7extract13upper_inc_forNtNtNtB6_7subtype4int47Int4OpsEB6_
FNDA:0,_RINvNtNtCsjiXQHmrdwwO_20vsql_ranger_arranger4func7extract13upper_inc_forNtNtNtB6_7subtype4int87Int8OpsEB6_
FNDA:0,_RINvNtNtCsjiXQHmrdwwO_20vsql_ranger_arranger4func7extract13upper_inc_forNtNtNtB6_7subtype8datetime11DateTimeOpsEB6_
FNDA:0,_RINvNtNtCsjiXQHmrdwwO_20vsql_ranger_arranger4func7extract9lower_forNtNtNtB6_7subtype4date7DateOpsEB6_
FNDA:0,_RINvNtNtCsjiXQHmrdwwO_20vsql_ranger_arranger4func7extract9lower_forNtNtNtB6_7subtype4int47Int4OpsEB6_
FNDA:0,_RINvNtNtCsjiXQHmrdwwO_20vsql_ranger_arranger4func7extract9lower_forNtNtNtB6_7subtype4int87Int8OpsEB6_
FNDA:0,_RINvNtNtCsjiXQHmrdwwO_20vsql_ranger_arranger4func7extract9lower_forNtNtNtB6_7subtype8datetime11DateTimeOpsEB6_
FNDA:0,_RINvNtNtCsjiXQHmrdwwO_20vsql_ranger_arranger4func7extract9upper_forNtNtNtB6_7subtype4date7DateOpsEB6_
FNDA:0,_RINvNtNtCsjiXQHmrdwwO_20vsql_ranger_arranger4func7extract9upper_forNtNtNtB6_7subtype4int47Int4OpsEB6_
FNDA:0,_RINvNtNtCsjiXQHmrdwwO_20vsql_ranger_arranger4func7extract9upper_forNtNtNtB6_7subtype4int87Int8OpsEB6_
FNDA:0,_RINvNtNtCsjiXQHmrdwwO_20vsql_ranger_arranger4func7extract9upper_forNtNtNtB6_7subtype8datetime11DateTimeOpsEB6_
FNDA:0,_RNCINvNtNtCsjiXQHmrdwwO_20vsql_ranger_arranger4func7extract13lower_inc_forNtNtNtB8_7subtype4date7DateOpsE0B8_
FNDA:0,_RNCINvNtNtCsjiXQHmrdwwO_20vsql_ranger_arranger4func7extract13lower_inc_forNtNtNtB8_7subtype4int47Int4OpsE0B8_
FNDA:0,_RNCINvNtNtCsjiXQHmrdwwO_20vsql_ranger_arranger4func7extract13lower_inc_forNtNtNtB8_7subtype4int87Int8OpsE0B8_
FNDA:0,_RNCINvNtNtCsjiXQHmrdwwO_20vsql_ranger_arranger4func7extract13lower_inc_forNtNtNtB8_7subtype8datetime11DateTimeOpsE0B8_
FNDA:0,_RNCINvNtNtCsjiXQHmrdwwO_20vsql_ranger_arranger4func7extract13upper_inc_forNtNtNtB8_7subtype4date7DateOpsE0B8_
FNDA:0,_RNCINvNtNtCsjiXQHmrdwwO_20vsql_ranger_arranger4func7extract13upper_inc_forNtNtNtB8_7subtype4int47Int4OpsE0B8_
FNDA:0,_RNCINvNtNtCsjiXQHmrdwwO_20vsql_ranger_arranger4func7extract13upper_inc_forNtNtNtB8_7subtype4int87Int8OpsE0B8_
FNDA:0,_RNCINvNtNtCsjiXQHmrdwwO_20vsql_ranger_arranger4func7extract13upper_inc_forNtNtNtB8_7subtype8datetime11DateTimeOpsE0B8_
FNDA:0,_RNCINvNtNtCsjiXQHmrdwwO_20vsql_ranger_arranger4func7extract9lower_forNtNtNtB8_7subtype4date7DateOpsE0B8_
FNDA:0,_RNCINvNtNtCsjiXQHmrdwwO_20vsql_ranger_arranger4func7extract9lower_forNtNtNtB8_7subtype4int47Int4OpsE0B8_
FNDA:0,_RNCINvNtNtCsjiXQHmrdwwO_20vsql_ranger_arranger4func7extract9lower_forNtNtNtB8_7subtype4int87Int8OpsE0B8_
FNDA:0,_RNCINvNtNtCsjiXQHmrdwwO_20vsql_ranger_arranger4func7extract9lower_forNtNtNtB8_7subtype8datetime11DateTimeOpsE0B8_
FNDA:0,_RNCINvNtNtCsjiXQHmrdwwO_20vsql_ranger_arranger4func7extract9upper_forNtNtNtB8_7subtype4date7DateOpsE0B8_
FNDA:0,_RNCINvNtNtCsjiXQHmrdwwO_20vsql_ranger_arranger4func7extract9upper_forNtNtNtB8_7subtype4int47Int4OpsE0B8_
FNDA:0,_RNCINvNtNtCsjiXQHmrdwwO_20vsql_ranger_arranger4func7extract9upper_forNtNtNtB8_7subtype4int87Int8OpsE0B8_
FNDA:0,_RNCINvNtNtCsjiXQHmrdwwO_20vsql_ranger_arranger4func7extract9upper_forNtNtNtB8_7subtype8datetime11DateTimeOpsE0B8_
FNDA:0,_RNCNvNtNtCsjiXQHmrdwwO_20vsql_ranger_arranger4func7extract15multirange_make0B7_
FNDA:0,_RNCNvNtNtCsjiXQHmrdwwO_20vsql_ranger_arranger4func7extract16multirange_lower0B7_
FNDA:0,_RINvNtNtCsjiXQHmrdwwO_20vsql_ranger_arranger4func7extract14multirange_nthpEB6_
FNDA:0,_RINvNtNtCsjiXQHmrdwwO_20vsql_ranger_arranger4func7extract16multirange_upperpEB6_
FNDA:0,_RINvNtNtCsjiXQHmrdwwO_20vsql_ranger_arranger4func7extract17multirange_lengthpEB6_
FNDA:0,_RINvNtNtCsjiXQHmrdwwO_20vsql_ranger_arranger4func7extract18multirange_isemptypEB6_
FNDA:0,_RNCINvNtNtCsjiXQHmrdwwO_20vsql_ranger_arranger4func7extract14multirange_nthpE0B8_
FNDA:0,_RNCINvNtNtCsjiXQHmrdwwO_20vsql_ranger_arranger4func7extract16multirange_upperpE0B8_
FNDA:0,_RNCINvNtNtCsjiXQHmrdwwO_20vsql_ranger_arranger4func7extract17multirange_lengthpE0B8_
FNDA:0,_RNCINvNtNtCsjiXQHmrdwwO_20vsql_ranger_arranger4func7extract18multirange_isemptypE0B8_
FNDA:0,_RNCNCINvNtNtCsjiXQHmrdwwO_20vsql_ranger_arranger4func7extract18multirange_isemptypE00Ba_
FNDA:0,_RNCNvNtNtCsjiXQHmrdwwO_20vsql_ranger_arranger4func7extract20multirange_upper_inc0B7_
FNDA:0,_RNvNtNtCsjiXQHmrdwwO_20vsql_ranger_arranger4func7extract10datemr_nth
FNDA:0,_RNvNtNtCsjiXQHmrdwwO_20vsql_ranger_arranger4func7extract10dtmr_lower
FNDA:0,_RNvNtNtCsjiXQHmrdwwO_20vsql_ranger_arranger4func7extract10dtmr_upper
FNDA:0,_RNvNtNtCsjiXQHmrdwwO_20vsql_ranger_arranger4func7extract10int4mr_nth
FNDA:0,_RNvNtNtCsjiXQHmrdwwO_20vsql_ranger_arranger4func7extract10int8_lower
FNDA:0,_RNvNtNtCsjiXQHmrdwwO_20vsql_ranger_arranger4func7extract10int8_upper
FNDA:0,_RNvNtNtCsjiXQHmrdwwO_20vsql_ranger_arranger4func7extract10int8mr_nth
FNDA:0,_RNvNtNtCsjiXQHmrdwwO_20vsql_ranger_arranger4func7extract11datemr_make
FNDA:0,_RNvNtNtCsjiXQHmrdwwO_20vsql_ranger_arranger4func7extract11dtmr_length
FNDA:0,_RNvNtNtCsjiXQHmrdwwO_20vsql_ranger_arranger4func7extract11int4mr_make
FNDA:0,_RNvNtNtCsjiXQHmrdwwO_20vsql_ranger_arranger4func7extract11int8mr_make
FNDA:0,_RNvNtNtCsjiXQHmrdwwO_20vsql_ranger_arranger4func7extract12datemr_lower
FNDA:0,_RNvNtNtCsjiXQHmrdwwO_20vsql_ranger_arranger4func7extract12datemr_upper
FNDA:0,_RNvNtNtCsjiXQHmrdwwO_20vsql_ranger_arranger4func7extract12dtmr_isempty
FNDA:0,_RNvNtNtCsjiXQHmrdwwO_20vsql_ranger_arranger4func7extract12int4mr_lower
FNDA:0,_RNvNtNtCsjiXQHmrdwwO_20vsql_ranger_arranger4func7extract12int4mr_upper
FNDA:0,_RNvNtNtCsjiXQHmrdwwO_20vsql_ranger_arranger4func7extract12int8mr_lower
FNDA:0,_RNvNtNtCsjiXQHmrdwwO_20vsql_ranger_arranger4func7extract12int8mr_upper
FNDA:0,_RNvNtNtCsjiXQHmrdwwO_20vsql_ranger_arranger4func7extract13datemr_length
FNDA:0,_RNvNtNtCsjiXQHmrdwwO_20vsql_ranger_arranger4func7extract13int4mr_length
FNDA:0,_RNvNtNtCsjiXQHmrdwwO_20vsql_ranger_arranger4func7extract13int8mr_length
FNDA:0,_RNvNtNtCsjiXQHmrdwwO_20vsql_ranger_arranger4func7extract14datemr_isempty
FNDA:0,_RNvNtNtCsjiXQHmrdwwO_20vsql_ranger_arranger4func7extract14dtmr_upper_inc
FNDA:0,_RNvNtNtCsjiXQHmrdwwO_20vsql_ranger_arranger4func7extract14int4mr_isempty
FNDA:0,_RNvNtNtCsjiXQHmrdwwO_20vsql_ranger_arranger4func7extract14int8_lower_inc
FNDA:0,_RNvNtNtCsjiXQHmrdwwO_20vsql_ranger_arranger4func7extract14int8_upper_inc
FNDA:0,_RNvNtNtCsjiXQHmrdwwO_20vsql_ranger_arranger4func7extract14int8mr_isempty
FNDA:0,_RNvNtNtCsjiXQHmrdwwO_20vsql_ranger_arranger4func7extract16datemr_upper_inc
FNDA:0,_RNvNtNtCsjiXQHmrdwwO_20vsql_ranger_arranger4func7extract16int4mr_upper_inc
FNDA:0,_RNvNtNtCsjiXQHmrdwwO_20vsql_ranger_arranger4func7extract16int8mr_upper_inc
FNDA:0,_RNvNtNtCsjiXQHmrdwwO_20vsql_ranger_arranger4func7extract20multirange_upper_inc
FNDA:0,_RNvNtNtCsjiXQHmrdwwO_20vsql_ranger_arranger4func7extract8dtmr_nth
FNDA:0,_RNvNtNtCsjiXQHmrdwwO_20vsql_ranger_arranger4func7extract9dtmr_make
FNF:55
FNH:49
DA:10,6
DA:11,6
DA:12,6
DA:13,4
DA:14,4
DA:15,4
DA:16,0
DA:17,4
DA:18,1
DA:20,3
DA:21,3
DA:22,0
DA:26,0
DA:28,1
DA:29,1
DA:31,6
DA:32,6
DA:35,4
DA:36,4
DA:37,4
DA:38,4
DA:39,4
DA:40,4
DA:41,0
DA:42,4
DA:43,1
DA:45,3
DA:46,3
DA:47,0
DA:51,0
DA:53,0
DA:54,0
DA:56,4
DA:57,4
DA:60,3
DA:61,3
DA:62,3
DA:63,3
DA:64,3
DA:65,0
DA:67,0
DA:68,0
DA:70,3
DA:71,3
DA:72,3
DA:73,3
DA:74,3
DA:75,3
DA:76,3
DA:77,0
DA:79,0
DA:80,0
DA:82,3
DA:83,3
DA:86,3
DA:87,3
DA:88,3
DA:90,1
DA:91,1
DA:92,1
DA:94,1
DA:95,1
DA:96,1
DA:98,1
DA:99,1
DA:100,1
DA:104,19
DA:105,19
DA:106,19
DA:107,19
DA:108,19
DA:109,19
DA:110,17
DA:111,1
DA:113,1
DA:118,17
DA:119,17
DA:120,0
DA:122,19
DA:123,19
DA:125,5
DA:126,5
DA:127,5
DA:128,5
DA:129,5
DA:130,5
DA:131,4
DA:132,4
DA:133,0
DA:135,1
DA:136,0
DA:138,5
DA:139,5
DA:141,13
DA:142,13
DA:143,13
DA:144,2
DA:145,2
DA:146,2
DA:148,2
DA:149,2
DA:150,2
DA:151,1
DA:152,1
DA:153,1
DA:155,2
DA:156,2
DA:157,2
DA:158,1
DA:159,1
DA:160,1
DA:162,2
DA:163,2
DA:164,2
DA:165,1
DA:166,1
DA:167,1
DA:171,7
DA:172,7
DA:173,7
DA:174,7
DA:175,7
DA:176,7
DA:177,6
DA:178,1
DA:180,6
DA:181,0
DA:182,6
DA:183,0
DA:185,6
DA:186,6
DA:187,0
DA:191,0
DA:193,0
DA:194,0
DA:196,7
DA:197,7
DA:199,1
DA:200,1
DA:201,1
DA:202,1
DA:203,1
DA:204,1
DA:205,1
DA:206,1
DA:207,0
DA:209,1
DA:211,0
DA:214,0
DA:215,0
DA:217,1
DA:218,1
DA:220,3
DA:221,3
DA:222,3
DA:223,3
DA:224,3
DA:225,3
DA:226,3
DA:227,3
DA:229,0
DA:230,0
DA:232,3
DA:233,3
DA:235,5
DA:236,5
DA:237,5
DA:238,5
DA:239,5
DA:240,5
DA:241,5
DA:243,0
DA:245,0
DA:246,0
DA:248,5
DA:249,5
DA:251,3
DA:252,3
DA:253,3
DA:254,1
DA:255,1
DA:256,1
DA:257,3
DA:258,3
DA:259,3
DA:260,2
DA:261,2
DA:262,2
DA:264,1
DA:265,1
DA:266,1
DA:267,0
DA:268,0
DA:269,0
DA:270,0
DA:271,0
DA:272,0
DA:273,1
DA:274,1
DA:275,1
DA:277,1
DA:278,1
DA:279,1
DA:280,0
DA:281,0
DA:282,0
DA:283,0
DA:284,0
DA:285,0
DA:286,1
DA:287,1
DA:288,1
DA:290,2
DA:291,2
DA:292,2
DA:293,0
DA:294,0
DA:295,0
DA:296,0
DA:297,0
DA:298,0
DA:299,1
DA:300,1
DA:301,1
DA:305,10
DA:306,10
DA:307,10
DA:308,9
DA:309,1
DA:310,0
DA:312,9
DA:313,9
DA:314,0
DA:315,0
DA:317,9
DA:318,9
DA:319,9
DA:320,2
DA:321,7
DA:322,7
DA:323,7
DA:324,7
DA:326,0
DA:328,10
DA:329,10
DA:331,7
DA:332,7
DA:333,7
DA:334,1
DA:335,1
DA:336,1
DA:337,1
DA:338,1
DA:339,1
DA:340,1
DA:341,1
DA:342,1
BRF:0
BRH:0
LF:258
LH:204
end_of_record
SF:/Users/sjanes/work26/ranger-arranger/vsql_ranger_arranger/src/func/predicates.rs
FN:12,_RINvNtNtCskSe0MaurDGL_20vsql_ranger_arranger4func10predicates11pred_binaryNtNtNtB6_7subtype4date7DateOpsEB6_
FN:12,_RINvNtNtCskSe0MaurDGL_20vsql_ranger_arranger4func10predicates11pred_binaryNtNtNtB6_7subtype4int47Int4OpsEB6_
FN:12,_RINvNtNtCskSe0MaurDGL_20vsql_ranger_arranger4func10predicates11pred_binaryNtNtNtB6_7subtype4int87Int8OpsEB6_
FN:12,_RINvNtNtCskSe0MaurDGL_20vsql_ranger_arranger4func10predicates11pred_binaryNtNtNtB6_7subtype8datetime11DateTimeOpsEB6_
FN:33,_RINvNtNtCskSe0MaurDGL_20vsql_ranger_arranger4func10predicates9pred_flagNtNtNtB6_7subtype4date7DateOpsEB6_
FN:33,_RINvNtNtCskSe0MaurDGL_20vsql_ranger_arranger4func10predicates9pred_flagNtNtNtB6_7subtype4int47Int4OpsEB6_
FN:33,_RINvNtNtCskSe0MaurDGL_20vsql_ranger_arranger4func10predicates9pred_flagNtNtNtB6_7subtype4int87Int8OpsEB6_
FN:33,_RINvNtNtCskSe0MaurDGL_20vsql_ranger_arranger4func10predicates9pred_flagNtNtNtB6_7subtype8datetime11DateTimeOpsEB6_
FN:13,_RNCINvNtNtCskSe0MaurDGL_20vsql_ranger_arranger4func10predicates11pred_binaryNtNtNtB8_7subtype4date7DateOpsE0B8_
FN:13,_RNCINvNtNtCskSe0MaurDGL_20vsql_ranger_arranger4func10predicates11pred_binaryNtNtNtB8_7subtype4int47Int4OpsE0B8_
FN:13,_RNCINvNtNtCskSe0MaurDGL_20vsql_ranger_arranger4func10predicates11pred_binaryNtNtNtB8_7subtype4int87Int8OpsE0B8_
FN:13,_RNCINvNtNtCskSe0MaurDGL_20vsql_ranger_arranger4func10predicates11pred_binaryNtNtNtB8_7subtype8datetime11DateTimeOpsE0B8_
FN:34,_RNCINvNtNtCskSe0MaurDGL_20vsql_ranger_arranger4func10predicates9pred_flagNtNtNtB8_7subtype4date7DateOpsE0B8_
FN:34,_RNCINvNtNtCskSe0MaurDGL_20vsql_ranger_arranger4func10predicates9pred_flagNtNtNtB8_7subtype4int47Int4OpsE0B8_
FN:34,_RNCINvNtNtCskSe0MaurDGL_20vsql_ranger_arranger4func10predicates9pred_flagNtNtNtB8_7subtype4int87Int8OpsE0B8_
FN:34,_RNCINvNtNtCskSe0MaurDGL_20vsql_ranger_arranger4func10predicates9pred_flagNtNtNtB8_7subtype8datetime11DateTimeOpsE0B8_
FN:123,_RNvNtNtCskSe0MaurDGL_20vsql_ranger_arranger4func10predicates19date_contains_point
FN:85,_RNvNtNtCskSe0MaurDGL_20vsql_ranger_arranger4func10predicates19int4_contains_point
FN:47,_RNvNtNtCskSe0MaurDGL_20vsql_ranger_arranger4func10predicates19int8_contains_point
FN:145,_RNvNtNtCskSe0MaurDGL_20vsql_ranger_arranger4func10predicates21date_contains_element
FN:107,_RNvNtNtCskSe0MaurDGL_20vsql_ranger_arranger4func10predicates21int4_contains_element
FN:69,_RNvNtNtCskSe0MaurDGL_20vsql_ranger_arranger4func10predicates21int8_contains_element
FN:161,_RNvNtNtCskSe0MaurDGL_20vsql_ranger_arranger4func10predicates23datetime_contains_point
FN:183,_RNvNtNtCskSe0MaurDGL_20vsql_ranger_arranger4func10predicates25datetime_contains_element
FN:123,_RNvNtNtCsjiXQHmrdwwO_20vsql_ranger_arranger4func10predicates19date_contains_point
FN:85,_RNvNtNtCsjiXQHmrdwwO_20vsql_ranger_arranger4func10predicates19int4_contains_point
FN:47,_RNvNtNtCsjiXQHmrdwwO_20vsql_ranger_arranger4func10predicates19int8_contains_point
FN:145,_RNvNtNtCsjiXQHmrdwwO_20vsql_ranger_arranger4func10predicates21date_contains_element
FN:107,_RNvNtNtCsjiXQHmrdwwO_20vsql_ranger_arranger4func10predicates21int4_contains_element
FN:69,_RNvNtNtCsjiXQHmrdwwO_20vsql_ranger_arranger4func10predicates21int8_contains_element
FN:161,_RNvNtNtCsjiXQHmrdwwO_20vsql_ranger_arranger4func10predicates23datetime_contains_point
FN:183,_RNvNtNtCsjiXQHmrdwwO_20vsql_ranger_arranger4func10predicates25datetime_contains_element
FN:12,_RINvNtNtCsjiXQHmrdwwO_20vsql_ranger_arranger4func10predicates11pred_binaryNtNtNtB6_7subtype4date7DateOpsEB6_
FN:12,_RINvNtNtCsjiXQHmrdwwO_20vsql_ranger_arranger4func10predicates11pred_binaryNtNtNtB6_7subtype4int47Int4OpsEB6_
FN:12,_RINvNtNtCsjiXQHmrdwwO_20vsql_ranger_arranger4func10predicates11pred_binaryNtNtNtB6_7subtype4int87Int8OpsEB6_
FN:12,_RINvNtNtCsjiXQHmrdwwO_20vsql_ranger_arranger4func10predicates11pred_binaryNtNtNtB6_7subtype8datetime11DateTimeOpsEB6_
FN:33,_RINvNtNtCsjiXQHmrdwwO_20vsql_ranger_arranger4func10predicates9pred_flagNtNtNtB6_7subtype4date7DateOpsEB6_
FN:33,_RINvNtNtCsjiXQHmrdwwO_20vsql_ranger_arranger4func10predicates9pred_flagNtNtNtB6_7subtype4int47Int4OpsEB6_
FN:33,_RINvNtNtCsjiXQHmrdwwO_20vsql_ranger_arranger4func10predicates9pred_flagNtNtNtB6_7subtype4int87Int8OpsEB6_
FN:33,_RINvNtNtCsjiXQHmrdwwO_20vsql_ranger_arranger4func10predicates9pred_flagNtNtNtB6_7subtype8datetime11DateTimeOpsEB6_
FN:13,_RNCINvNtNtCsjiXQHmrdwwO_20vsql_ranger_arranger4func10predicates11pred_binaryNtNtNtB8_7subtype4date7DateOpsE0B8_
FN:13,_RNCINvNtNtCsjiXQHmrdwwO_20vsql_ranger_arranger4func10predicates11pred_binaryNtNtNtB8_7subtype4int47Int4OpsE0B8_
FN:13,_RNCINvNtNtCsjiXQHmrdwwO_20vsql_ranger_arranger4func10predicates11pred_binaryNtNtNtB8_7subtype4int87Int8OpsE0B8_
FN:13,_RNCINvNtNtCsjiXQHmrdwwO_20vsql_ranger_arranger4func10predicates11pred_binaryNtNtNtB8_7subtype8datetime11DateTimeOpsE0B8_
FN:34,_RNCINvNtNtCsjiXQHmrdwwO_20vsql_ranger_arranger4func10predicates9pred_flagNtNtNtB8_7subtype4date7DateOpsE0B8_
FN:34,_RNCINvNtNtCsjiXQHmrdwwO_20vsql_ranger_arranger4func10predicates9pred_flagNtNtNtB8_7subtype4int47Int4OpsE0B8_
FN:34,_RNCINvNtNtCsjiXQHmrdwwO_20vsql_ranger_arranger4func10predicates9pred_flagNtNtNtB8_7subtype4int87Int8OpsE0B8_
FN:34,_RNCINvNtNtCsjiXQHmrdwwO_20vsql_ranger_arranger4func10predicates9pred_flagNtNtNtB8_7subtype8datetime11DateTimeOpsE0B8_
FNDA:0,_RINvNtNtCskSe0MaurDGL_20vsql_ranger_arranger4func10predicates11pred_binaryNtNtNtB6_7subtype4date7DateOpsEB6_
FNDA:0,_RINvNtNtCskSe0MaurDGL_20vsql_ranger_arranger4func10predicates11pred_binaryNtNtNtB6_7subtype4int47Int4OpsEB6_
FNDA:15,_RINvNtNtCskSe0MaurDGL_20vsql_ranger_arranger4func10predicates11pred_binaryNtNtNtB6_7subtype4int87Int8OpsEB6_
FNDA:0,_RINvNtNtCskSe0MaurDGL_20vsql_ranger_arranger4func10predicates11pred_binaryNtNtNtB6_7subtype8datetime11DateTimeOpsEB6_
FNDA:0,_RINvNtNtCskSe0MaurDGL_20vsql_ranger_arranger4func10predicates9pred_flagNtNtNtB6_7subtype4date7DateOpsEB6_
FNDA:0,_RINvNtNtCskSe0MaurDGL_20vsql_ranger_arranger4func10predicates9pred_flagNtNtNtB6_7subtype4int47Int4OpsEB6_
FNDA:7,_RINvNtNtCskSe0MaurDGL_20vsql_ranger_arranger4func10predicates9pred_flagNtNtNtB6_7subtype4int87Int8OpsEB6_
FNDA:0,_RINvNtNtCskSe0MaurDGL_20vsql_ranger_arranger4func10predicates9pred_flagNtNtNtB6_7subtype8datetime11DateTimeOpsEB6_
FNDA:0,_RNCINvNtNtCskSe0MaurDGL_20vsql_ranger_arranger4func10predicates11pred_binaryNtNtNtB8_7subtype4date7DateOpsE0B8_
FNDA:0,_RNCINvNtNtCskSe0MaurDGL_20vsql_ranger_arranger4func10predicates11pred_binaryNtNtNtB8_7subtype4int47Int4OpsE0B8_
FNDA:15,_RNCINvNtNtCskSe0MaurDGL_20vsql_ranger_arranger4func10predicates11pred_binaryNtNtNtB8_7subtype4int87Int8OpsE0B8_
FNDA:0,_RNCINvNtNtCskSe0MaurDGL_20vsql_ranger_arranger4func10predicates11pred_binaryNtNtNtB8_7subtype8datetime11DateTimeOpsE0B8_
FNDA:0,_RNCINvNtNtCskSe0MaurDGL_20vsql_ranger_arranger4func10predicates9pred_flagNtNtNtB8_7subtype4date7DateOpsE0B8_
FNDA:0,_RNCINvNtNtCskSe0MaurDGL_20vsql_ranger_arranger4func10predicates9pred_flagNtNtNtB8_7subtype4int47Int4OpsE0B8_
FNDA:7,_RNCINvNtNtCskSe0MaurDGL_20vsql_ranger_arranger4func10predicates9pred_flagNtNtNtB8_7subtype4int87Int8OpsE0B8_
FNDA:0,_RNCINvNtNtCskSe0MaurDGL_20vsql_ranger_arranger4func10predicates9pred_flagNtNtNtB8_7subtype8datetime11DateTimeOpsE0B8_
FNDA:6,_RNvNtNtCskSe0MaurDGL_20vsql_ranger_arranger4func10predicates19date_contains_point
FNDA:6,_RNvNtNtCskSe0MaurDGL_20vsql_ranger_arranger4func10predicates19int4_contains_point
FNDA:7,_RNvNtNtCskSe0MaurDGL_20vsql_ranger_arranger4func10predicates19int8_contains_point
FNDA:5,_RNvNtNtCskSe0MaurDGL_20vsql_ranger_arranger4func10predicates21date_contains_element
FNDA:5,_RNvNtNtCskSe0MaurDGL_20vsql_ranger_arranger4func10predicates21int4_contains_element
FNDA:6,_RNvNtNtCskSe0MaurDGL_20vsql_ranger_arranger4func10predicates21int8_contains_element
FNDA:6,_RNvNtNtCskSe0MaurDGL_20vsql_ranger_arranger4func10predicates23datetime_contains_point
FNDA:5,_RNvNtNtCskSe0MaurDGL_20vsql_ranger_arranger4func10predicates25datetime_contains_element
FNDA:0,_RNvNtNtCsjiXQHmrdwwO_20vsql_ranger_arranger4func10predicates19date_contains_point
FNDA:0,_RNvNtNtCsjiXQHmrdwwO_20vsql_ranger_arranger4func10predicates19int4_contains_point
FNDA:0,_RNvNtNtCsjiXQHmrdwwO_20vsql_ranger_arranger4func10predicates19int8_contains_point
FNDA:0,_RNvNtNtCsjiXQHmrdwwO_20vsql_ranger_arranger4func10predicates21date_contains_element
FNDA:0,_RNvNtNtCsjiXQHmrdwwO_20vsql_ranger_arranger4func10predicates21int4_contains_element
FNDA:0,_RNvNtNtCsjiXQHmrdwwO_20vsql_ranger_arranger4func10predicates21int8_contains_element
FNDA:0,_RNvNtNtCsjiXQHmrdwwO_20vsql_ranger_arranger4func10predicates23datetime_contains_point
FNDA:0,_RNvNtNtCsjiXQHmrdwwO_20vsql_ranger_arranger4func10predicates25datetime_contains_element
FNDA:0,_RINvNtNtCsjiXQHmrdwwO_20vsql_ranger_arranger4func10predicates11pred_binaryNtNtNtB6_7subtype4date7DateOpsEB6_
FNDA:0,_RINvNtNtCsjiXQHmrdwwO_20vsql_ranger_arranger4func10predicates11pred_binaryNtNtNtB6_7subtype4int47Int4OpsEB6_
FNDA:0,_RINvNtNtCsjiXQHmrdwwO_20vsql_ranger_arranger4func10predicates11pred_binaryNtNtNtB6_7subtype4int87Int8OpsEB6_
[...]
DA:353,317
DA:354,317
DA:355,126
DA:356,126
DA:357,191
DA:359,289
DA:360,163
DA:361,126
DA:363,142
DA:364,305
DA:366,305
DA:367,305
DA:368,305
DA:369,305
DA:370,345
DA:371,407
DA:372,407
DA:373,206
DA:374,206
DA:377,305
DA:378,305
DA:379,305
DA:381,305
DA:382,305
DA:383,305
DA:384,305
DA:385,305
DA:386,305
DA:387,305
DA:388,305
DA:390,304
DA:391,304
DA:392,304
DA:393,304
DA:394,344
DA:395,344
DA:396,406
DA:397,406
DA:398,406
DA:399,364
DA:400,364
DA:401,406
DA:403,344
DA:405,304
DA:406,304
DA:407,304
DA:409,12
DA:410,12
DA:411,12
DA:412,12
DA:413,12
DA:414,8
DA:415,8
DA:416,8
DA:417,8
DA:418,12
DA:420,2
DA:421,2
DA:422,2
DA:423,2
DA:424,2
DA:425,2
DA:426,2
DA:428,2
DA:429,2
DA:430,2
DA:432,7271
DA:433,7271
DA:434,7271
DA:435,7271
DA:436,7271
DA:437,1
DA:438,1
DA:439,1
DA:440,1
DA:441,1
DA:442,1
DA:443,7270
DA:444,7270
DA:445,7270
DA:446,1
DA:447,1
DA:448,1
DA:449,1
DA:450,1
DA:451,1
DA:452,7269
DA:453,7269
DA:454,7269
DA:455,7964
DA:456,7964
DA:457,7964
DA:458,7964
DA:460,7269
DA:461,7271
DA:463,5
DA:464,5
DA:465,5
DA:466,3
DA:467,3
DA:468,3
DA:469,3
DA:470,3
DA:471,3
DA:472,3
DA:473,3
DA:474,3
DA:476,2355
DA:477,2355
DA:478,1
DA:479,1
DA:480,1
DA:481,1
DA:482,1
DA:483,2354
DA:484,2354
DA:485,2354
DA:486,2354
DA:487,2354
DA:488,2354
DA:489,2354
DA:490,2547
DA:491,2547
DA:492,2547
DA:493,2547
DA:494,2547
DA:495,2354
DA:496,2355
DA:498,2547
DA:499,2547
DA:500,2547
DA:501,2547
DA:507,102
DA:508,102
DA:509,102
DA:510,102
DA:511,102
DA:512,102
DA:513,102
DA:514,102
DA:515,102
DA:516,102
DA:517,102
DA:518,102
DA:519,101
DA:520,101
DA:521,101
DA:522,3
DA:523,3
DA:524,3
DA:525,0
DA:526,0
DA:527,0
DA:529,101
DA:530,101
DA:531,101
DA:532,101
DA:533,101
DA:534,101
DA:535,3
DA:536,3
DA:537,3
DA:538,0
DA:539,0
DA:540,0
DA:541,101
DA:542,101
DA:543,101
DA:544,101
DA:545,101
DA:546,101
DA:547,101
DA:548,101
DA:549,101
DA:551,52
DA:552,52
DA:553,52
DA:554,51
DA:555,51
DA:556,51
DA:557,3
DA:558,3
DA:559,3
DA:560,0
DA:561,0
DA:562,0
DA:563,51
DA:564,51
DA:565,51
DA:566,51
DA:567,51
DA:568,51
DA:569,51
DA:570,51
DA:571,51
DA:573,52
DA:574,52
DA:575,52
DA:576,51
DA:577,51
DA:578,51
DA:579,3
DA:580,3
DA:581,3
DA:582,0
DA:583,0
DA:584,0
DA:585,51
DA:586,51
DA:587,51
DA:588,51
DA:589,51
DA:590,51
DA:591,51
DA:592,51
DA:593,51
DA:598,1071
DA:599,1071
DA:600,1071
DA:601,1071
DA:604,50
DA:605,50
DA:606,36
DA:607,22
DA:608,14
DA:609,8
DA:612,36
DA:613,50
DA:616,50
DA:617,50
DA:618,34
DA:619,34
DA:620,26
DA:621,14
DA:622,14
DA:623,12
DA:625,34
DA:626,20
DA:627,14
DA:629,30
DA:630,50
DA:633,50
DA:634,50
DA:635,50
DA:636,40
DA:637,32
DA:638,16
DA:639,16
DA:642,50
DA:643,50
DA:646,634
DA:647,634
DA:648,634
DA:649,634
DA:650,634
DA:653,50
DA:654,50
DA:655,50
DA:656,40
DA:657,40
DA:658,32
DA:659,32
DA:660,28
DA:661,28
DA:662,32
DA:664,40
DA:666,50
DA:667,50
DA:671,0
DA:672,0
DA:674,0
DA:675,0
DA:681,0
DA:683,0
DA:684,0
DA:686,0
DA:687,0
DA:693,0
DA:695,0
DA:696,0
DA:698,0
DA:699,0
DA:705,0
DA:707,0
DA:708,0
DA:710,0
DA:711,0
DA:717,0
BRF:0
BRH:0
LF:529
LH:467
end_of_record
SF:/Users/sjanes/work26/ranger-arranger/vsql_ranger_arranger/src/subtype/date.rs
FN:16,_RNCNvXNtNtCskSe0MaurDGL_20vsql_ranger_arranger7subtype4dateNtB4_7DateOpsNtNtB8_6engine15RangeSubtypeOps10to_ordinal0B8_
FN:25,_RNCNvXNtNtCskSe0MaurDGL_20vsql_ranger_arranger7subtype4dateNtB4_7DateOpsNtNtB8_6engine15RangeSubtypeOps12from_ordinal0B8_
FN:26,_RNCNvXNtNtCskSe0MaurDGL_20vsql_ranger_arranger7subtype4dateNtB4_7DateOpsNtNtB8_6engine15RangeSubtypeOps12from_ordinals_0B8_
FN:33,_RNvNtNtCskSe0MaurDGL_20vsql_ranger_arranger7subtype4date11decode_date
FN:30,_RNvNtNtCskSe0MaurDGL_20vsql_ranger_arranger7subtype4date11encode_date
FN:36,_RNvNtNtCskSe0MaurDGL_20vsql_ranger_arranger7subtype4date12compare_date
FN:45,_RNvNtNtCskSe0MaurDGL_20vsql_ranger_arranger7subtype4date4plen
FN:41,_RNvNtNtCskSe0MaurDGL_20vsql_ranger_arranger7subtype4date5parse
FN:14,_RNvXNtNtCskSe0MaurDGL_20vsql_ranger_arranger7subtype4dateNtB2_7DateOpsNtNtB6_6engine15RangeSubtypeOps10to_ordinal
FN:21,_RNvXNtNtCskSe0MaurDGL_20vsql_ranger_arranger7subtype4dateNtB2_7DateOpsNtNtB6_6engine15RangeSubtypeOps12from_ordinal
FN:16,_RNCNvXNtNtCsjiXQHmrdwwO_20vsql_ranger_arranger7subtype4dateNtB4_7DateOpsNtNtB8_6engine15RangeSubtypeOps10to_ordinal0B8_
FN:25,_RNCNvXNtNtCsjiXQHmrdwwO_20vsql_ranger_arranger7subtype4dateNtB4_7DateOpsNtNtB8_6engine15RangeSubtypeOps12from_ordinal0B8_
FN:26,_RNCNvXNtNtCsjiXQHmrdwwO_20vsql_ranger_arranger7subtype4dateNtB4_7DateOpsNtNtB8_6engine15RangeSubtypeOps12from_ordinals_0B8_
FN:36,_RNvNtNtCsjiXQHmrdwwO_20vsql_ranger_arranger7subtype4date12compare_date
FN:45,_RNvNtNtCsjiXQHmrdwwO_20vsql_ranger_arranger7subtype4date4plen
FN:41,_RNvNtNtCsjiXQHmrdwwO_20vsql_ranger_arranger7subtype4date5parse
FN:33,_RNvNtNtCsjiXQHmrdwwO_20vsql_ranger_arranger7subtype4date11decode_date
FN:30,_RNvNtNtCsjiXQHmrdwwO_20vsql_ranger_arranger7subtype4date11encode_date
FN:14,_RNvXNtNtCsjiXQHmrdwwO_20vsql_ranger_arranger7subtype4dateNtB2_7DateOpsNtNtB6_6engine15RangeSubtypeOps10to_ordinal
FN:21,_RNvXNtNtCsjiXQHmrdwwO_20vsql_ranger_arranger7subtype4dateNtB2_7DateOpsNtNtB6_6engine15RangeSubtypeOps12from_ordinal
FNDA:12,_RNCNvXNtNtCskSe0MaurDGL_20vsql_ranger_arranger7subtype4dateNtB4_7DateOpsNtNtB8_6engine15RangeSubtypeOps10to_ordinal0B8_
FNDA:363,_RNCNvXNtNtCskSe0MaurDGL_20vsql_ranger_arranger7subtype4dateNtB4_7DateOpsNtNtB8_6engine15RangeSubtypeOps12from_ordinal0B8_
FNDA:0,_RNCNvXNtNtCskSe0MaurDGL_20vsql_ranger_arranger7subtype4dateNtB4_7DateOpsNtNtB8_6engine15RangeSubtypeOps12from_ordinals_0B8_
FNDA:7,_RNvNtNtCskSe0MaurDGL_20vsql_ranger_arranger7subtype4date11decode_date
FNDA:25,_RNvNtNtCskSe0MaurDGL_20vsql_ranger_arranger7subtype4date11encode_date
FNDA:4,_RNvNtNtCskSe0MaurDGL_20vsql_ranger_arranger7subtype4date12compare_date
FNDA:1,_RNvNtNtCskSe0MaurDGL_20vsql_ranger_arranger7subtype4date4plen
FNDA:9,_RNvNtNtCskSe0MaurDGL_20vsql_ranger_arranger7subtype4date5parse
FNDA:1547,_RNvXNtNtCskSe0MaurDGL_20vsql_ranger_arranger7subtype4dateNtB2_7DateOpsNtNtB6_6engine15RangeSubtypeOps10to_ordinal
FNDA:363,_RNvXNtNtCskSe0MaurDGL_20vsql_ranger_arranger7subtype4dateNtB2_7DateOpsNtNtB6_6engine15RangeSubtypeOps12from_ordinal
FNDA:0,_RNCNvXNtNtCsjiXQHmrdwwO_20vsql_ranger_arranger7subtype4dateNtB4_7DateOpsNtNtB8_6engine15RangeSubtypeOps10to_ordinal0B8_
FNDA:0,_RNCNvXNtNtCsjiXQHmrdwwO_20vsql_ranger_arranger7subtype4dateNtB4_7DateOpsNtNtB8_6engine15RangeSubtypeOps12from_ordinal0B8_
FNDA:0,_RNCNvXNtNtCsjiXQHmrdwwO_20vsql_ranger_arranger7subtype4dateNtB4_7DateOpsNtNtB8_6engine15RangeSubtypeOps12from_ordinals_0B8_
FNDA:0,_RNvNtNtCsjiXQHmrdwwO_20vsql_ranger_arranger7subtype4date12compare_date
FNDA:0,_RNvNtNtCsjiXQHmrdwwO_20vsql_ranger_arranger7subtype4date4plen
FNDA:0,_RNvNtNtCsjiXQHmrdwwO_20vsql_ranger_arranger7subtype4date5parse
FNDA:0,_RNvNtNtCsjiXQHmrdwwO_20vsql_ranger_arranger7subtype4date11decode_date
FNDA:0,_RNvNtNtCsjiXQHmrdwwO_20vsql_ranger_arranger7subtype4date11encode_date
FNDA:0,_RNvXNtNtCsjiXQHmrdwwO_20vsql_ranger_arranger7subtype4dateNtB2_7DateOpsNtNtB6_6engine15RangeSubtypeOps10to_ordinal
FNDA:0,_RNvXNtNtCsjiXQHmrdwwO_20vsql_ranger_arranger7subtype4dateNtB2_7DateOpsNtNtB6_6engine15RangeSubtypeOps12from_ordinal
FNF:10
FNH:9
DA:14,1547
DA:15,1547
DA:16,1547
DA:17,1535
DA:18,1535
DA:19,1547
DA:21,363
DA:22,363
DA:23,363
DA:24,363
DA:25,363
DA:26,363
DA:27,363
DA:30,25
DA:31,25
DA:32,25
DA:33,7
DA:34,7
DA:35,7
DA:36,4
DA:37,4
DA:38,4
DA:41,9
DA:42,9
DA:43,9
DA:45,1
DA:46,1
DA:47,1
BRF:0
BRH:0
LF:31
LH:30
end_of_record
SF:/Users/sjanes/work26/ranger-arranger/vsql_ranger_arranger/src/subtype/datetime.rs
FN:37,_RNvNtNtCskSe0MaurDGL_20vsql_ranger_arranger7subtype8datetime15decode_datetime
FN:34,_RNvNtNtCskSe0MaurDGL_20vsql_ranger_arranger7subtype8datetime15encode_datetime
FN:40,_RNvNtNtCskSe0MaurDGL_20vsql_ranger_arranger7subtype8datetime16compare_datetime
FN:49,_RNvNtNtCskSe0MaurDGL_20vsql_ranger_arranger7subtype8datetime4plen
FN:45,_RNvNtNtCskSe0MaurDGL_20vsql_ranger_arranger7subtype8datetime5parse
FN:15,_RNvXNtNtCskSe0MaurDGL_20vsql_ranger_arranger7subtype8datetimeNtB2_11DateTimeOpsNtNtB6_6engine15RangeSubtypeOps10to_ordinal
FN:25,_RNvXNtNtCskSe0MaurDGL_20vsql_ranger_arranger7subtype8datetimeNtB2_11DateTimeOpsNtNtB6_6engine15RangeSubtypeOps12from_ordinal
FN:18,_RNCNvXNtNtCskSe0MaurDGL_20vsql_ranger_arranger7subtype8datetimeNtB4_11DateTimeOpsNtNtB8_6engine15RangeSubtypeOps10to_ordinal0B8_
FN:19,_RNCNvXNtNtCskSe0MaurDGL_20vsql_ranger_arranger7subtype8datetimeNtB4_11DateTimeOpsNtNtB8_6engine15RangeSubtypeOps10to_ordinals_0B8_
FN:29,_RNCNvXNtNtCskSe0MaurDGL_20vsql_ranger_arranger7subtype8datetimeNtB4_11DateTimeOpsNtNtB8_6engine15RangeSubtypeOps12from_ordinal0B8_
FN:30,_RNCNvXNtNtCskSe0MaurDGL_20vsql_ranger_arranger7subtype8datetimeNtB4_11DateTimeOpsNtNtB8_6engine15RangeSubtypeOps12from_ordinals_0B8_
FN:37,_RNvNtNtCsjiXQHmrdwwO_20vsql_ranger_arranger7subtype8datetime15decode_datetime
FN:34,_RNvNtNtCsjiXQHmrdwwO_20vsql_ranger_arranger7subtype8datetime15encode_datetime
FN:15,_RNvXNtNtCsjiXQHmrdwwO_20vsql_ranger_arranger7subtype8datetimeNtB2_11DateTimeOpsNtNtB6_6engine15RangeSubtypeOps10to_ordinal
FN:25,_RNvXNtNtCsjiXQHmrdwwO_20vsql_ranger_arranger7subtype8datetimeNtB2_11DateTimeOpsNtNtB6_6engine15RangeSubtypeOps12from_ordinal
FN:18,_RNCNvXNtNtCsjiXQHmrdwwO_20vsql_ranger_arranger7subtype8datetimeNtB4_11DateTimeOpsNtNtB8_6engine15RangeSubtypeOps10to_ordinal0B8_
FN:19,_RNCNvXNtNtCsjiXQHmrdwwO_20vsql_ranger_arranger7subtype8datetimeNtB4_11DateTimeOpsNtNtB8_6engine15RangeSubtypeOps10to_ordinals_0B8_
FN:29,_RNCNvXNtNtCsjiXQHmrdwwO_20vsql_ranger_arranger7subtype8datetimeNtB4_11DateTimeOpsNtNtB8_6engine15RangeSubtypeOps12from_ordinal0B8_
FN:30,_RNCNvXNtNtCsjiXQHmrdwwO_20vsql_ranger_arranger7subtype8datetimeNtB4_11DateTimeOpsNtNtB8_6engine15RangeSubtypeOps12from_ordinals_0B8_
FN:40,_RNvNtNtCsjiXQHmrdwwO_20vsql_ranger_arranger7subtype8datetime16compare_datetime
FN:49,_RNvNtNtCsjiXQHmrdwwO_20vsql_ranger_arranger7subtype8datetime4plen
FN:45,_RNvNtNtCsjiXQHmrdwwO_20vsql_ranger_arranger7subtype8datetime5parse
FNDA:7,_RNvNtNtCskSe0MaurDGL_20vsql_ranger_arranger7subtype8datetime15decode_datetime
FNDA:21,_RNvNtNtCskSe0MaurDGL_20vsql_ranger_arranger7subtype8datetime15encode_datetime
FNDA:4,_RNvNtNtCskSe0MaurDGL_20vsql_ranger_arranger7subtype8datetime16compare_datetime
FNDA:1,_RNvNtNtCskSe0MaurDGL_20vsql_ranger_arranger7subtype8datetime4plen
FNDA:8,_RNvNtNtCskSe0MaurDGL_20vsql_ranger_arranger7subtype8datetime5parse
FNDA:1523,_RNvXNtNtCskSe0MaurDGL_20vsql_ranger_arranger7subtype8datetimeNtB2_11DateTimeOpsNtNtB6_6engine15RangeSubtypeOps10to_ordinal
FNDA:358,_RNvXNtNtCskSe0MaurDGL_20vsql_ranger_arranger7subtype8datetimeNtB2_11DateTimeOpsNtNtB6_6engine15RangeSubtypeOps12from_ordinal
FNDA:12,_RNCNvXNtNtCskSe0MaurDGL_20vsql_ranger_arranger7subtype8datetimeNtB4_11DateTimeOpsNtNtB8_6engine15RangeSubtypeOps10to_ordinal0B8_
FNDA:12,_RNCNvXNtNtCskSe0MaurDGL_20vsql_ranger_arranger7subtype8datetimeNtB4_11DateTimeOpsNtNtB8_6engine15RangeSubtypeOps10to_ordinals_0B8_
FNDA:358,_RNCNvXNtNtCskSe0MaurDGL_20vsql_ranger_arranger7subtype8datetimeNtB4_11DateTimeOpsNtNtB8_6engine15RangeSubtypeOps12from_ordinal0B8_
FNDA:0,_RNCNvXNtNtCskSe0MaurDGL_20vsql_ranger_arranger7subtype8datetimeNtB4_11DateTimeOpsNtNtB8_6engine15RangeSubtypeOps12from_ordinals_0B8_
FNDA:0,_RNvNtNtCsjiXQHmrdwwO_20vsql_ranger_arranger7subtype8datetime15decode_datetime
FNDA:0,_RNvNtNtCsjiXQHmrdwwO_20vsql_ranger_arranger7subtype8datetime15encode_datetime
FNDA:0,_RNvXNtNtCsjiXQHmrdwwO_20vsql_ranger_arranger7subtype8datetimeNtB2_11DateTimeOpsNtNtB6_6engine15RangeSubtypeOps10to_ordinal
FNDA:0,_RNvXNtNtCsjiXQHmrdwwO_20vsql_ranger_arranger7subtype8datetimeNtB2_11DateTimeOpsNtNtB6_6engine15RangeSubtypeOps12from_ordinal
FNDA:0,_RNCNvXNtNtCsjiXQHmrdwwO_20vsql_ranger_arranger7subtype8datetimeNtB4_11DateTimeOpsNtNtB8_6engine15RangeSubtypeOps10to_ordinal0B8_
FNDA:0,_RNCNvXNtNtCsjiXQHmrdwwO_20vsql_ranger_arranger7subtype8datetimeNtB4_11DateTimeOpsNtNtB8_6engine15RangeSubtypeOps10to_ordinals_0B8_
FNDA:0,_RNCNvXNtNtCsjiXQHmrdwwO_20vsql_ranger_arranger7subtype8datetimeNtB4_11DateTimeOpsNtNtB8_6engine15RangeSubtypeOps12from_ordinal0B8_
FNDA:0,_RNCNvXNtNtCsjiXQHmrdwwO_20vsql_ranger_arranger7subtype8datetimeNtB4_11DateTimeOpsNtNtB8_6engine15RangeSubtypeOps12from_ordinals_0B8_
FNDA:0,_RNvNtNtCsjiXQHmrdwwO_20vsql_ranger_arranger7subtype8datetime16compare_datetime
FNDA:0,_RNvNtNtCsjiXQHmrdwwO_20vsql_ranger_arranger7subtype8datetime4plen
FNDA:0,_RNvNtNtCsjiXQHmrdwwO_20vsql_ranger_arranger7subtype8datetime5parse
FNF:11
FNH:10
DA:15,1523
DA:16,1523
DA:17,1523
DA:18,1523
DA:19,1523
DA:21,1511
DA:22,1511
DA:23,1523
DA:25,358
DA:26,358
DA:27,358
DA:28,358
DA:29,358
DA:30,358
DA:31,358
DA:34,21
DA:35,21
DA:36,21
DA:37,7
DA:38,7
DA:39,7
DA:40,4
DA:41,4
DA:42,4
DA:45,8
DA:46,8
DA:47,8
DA:49,1
DA:50,1
DA:51,1
BRF:0
BRH:0
LF:34
LH:33
end_of_record
SF:/Users/sjanes/work26/ranger-arranger/vsql_ranger_arranger/src/subtype/int4.rs
FN:29,_RNvNtNtCskSe0MaurDGL_20vsql_ranger_arranger7subtype4int411decode_int4
FN:26,_RNvNtNtCskSe0MaurDGL_20vsql_ranger_arranger7subtype4int411encode_int4
FN:32,_RNvNtNtCskSe0MaurDGL_20vsql_ranger_arranger7subtype4int412compare_int4
FN:41,_RNvNtNtCskSe0MaurDGL_20vsql_ranger_arranger7subtype4int44plen
FN:37,_RNvNtNtCskSe0MaurDGL_20vsql_ranger_arranger7subtype4int45parse
FN:13,_RNvXNtNtCskSe0MaurDGL_20vsql_ranger_arranger7subtype4int4NtB2_7Int4OpsNtNtB6_6engine15RangeSubtypeOps10to_ordinal
FN:21,_RNvXNtNtCskSe0MaurDGL_20vsql_ranger_arranger7subtype4int4NtB2_7Int4OpsNtNtB6_6engine15RangeSubtypeOps12from_ordinal
FN:17,_RNCNvXNtNtCskSe0MaurDGL_20vsql_ranger_arranger7subtype4int4NtB4_7Int4OpsNtNtB8_6engine15RangeSubtypeOps10to_ordinal0B8_
FN:17,_RNCNvXNtNtCsjiXQHmrdwwO_20vsql_ranger_arranger7subtype4int4NtB4_7Int4OpsNtNtB8_6engine15RangeSubtypeOps10to_ordinal0B8_
FN:32,_RNvNtNtCsjiXQHmrdwwO_20vsql_ranger_arranger7subtype4int412compare_int4
FN:41,_RNvNtNtCsjiXQHmrdwwO_20vsql_ranger_arranger7subtype4int44plen
FN:37,_RNvNtNtCsjiXQHmrdwwO_20vsql_ranger_arranger7subtype4int45parse
FN:29,_RNvNtNtCsjiXQHmrdwwO_20vsql_ranger_arranger7subtype4int411decode_int4
FN:26,_RNvNtNtCsjiXQHmrdwwO_20vsql_ranger_arranger7subtype4int411encode_int4
FN:13,_RNvXNtNtCsjiXQHmrdwwO_20vsql_ranger_arranger7subtype4int4NtB2_7Int4OpsNtNtB6_6engine15RangeSubtypeOps10to_ordinal
FN:21,_RNvXNtNtCsjiXQHmrdwwO_20vsql_ranger_arranger7subtype4int4NtB2_7Int4OpsNtNtB6_6engine15RangeSubtypeOps12from_ordinal
FNDA:9,_RNvNtNtCskSe0MaurDGL_20vsql_ranger_arranger7subtype4int411decode_int4
FNDA:23,_RNvNtNtCskSe0MaurDGL_20vsql_ranger_arranger7subtype4int411encode_int4
FNDA:4,_RNvNtNtCskSe0MaurDGL_20vsql_ranger_arranger7subtype4int412compare_int4
FNDA:1,_RNvNtNtCskSe0MaurDGL_20vsql_ranger_arranger7subtype4int44plen
FNDA:8,_RNvNtNtCskSe0MaurDGL_20vsql_ranger_arranger7subtype4int45parse
FNDA:25316,_RNvXNtNtCskSe0MaurDGL_20vsql_ranger_arranger7subtype4int4NtB2_7Int4OpsNtNtB6_6engine15RangeSubtypeOps10to_ordinal
FNDA:1952,_RNvXNtNtCskSe0MaurDGL_20vsql_ranger_arranger7subtype4int4NtB2_7Int4OpsNtNtB6_6engine15RangeSubtypeOps12from_ordinal
FNDA:5,_RNCNvXNtNtCskSe0MaurDGL_20vsql_ranger_arranger7subtype4int4NtB4_7Int4OpsNtNtB8_6engine15RangeSubtypeOps10to_ordinal0B8_
FNDA:0,_RNCNvXNtNtCsjiXQHmrdwwO_20vsql_ranger_arranger7subtype4int4NtB4_7Int4OpsNtNtB8_6engine15RangeSubtypeOps10to_ordinal0B8_
FNDA:0,_RNvNtNtCsjiXQHmrdwwO_20vsql_ranger_arranger7subtype4int412compare_int4
FNDA:0,_RNvNtNtCsjiXQHmrdwwO_20vsql_ranger_arranger7subtype4int44plen
FNDA:0,_RNvNtNtCsjiXQHmrdwwO_20vsql_ranger_arranger7subtype4int45parse
FNDA:0,_RNvNtNtCsjiXQHmrdwwO_20vsql_ranger_arranger7subtype4int411decode_int4
FNDA:0,_RNvNtNtCsjiXQHmrdwwO_20vsql_ranger_arranger7subtype4int411encode_int4
FNDA:0,_RNvXNtNtCsjiXQHmrdwwO_20vsql_ranger_arranger7subtype4int4NtB2_7Int4OpsNtNtB6_6engine15RangeSubtypeOps10to_ordinal
FNDA:0,_RNvXNtNtCsjiXQHmrdwwO_20vsql_ranger_arranger7subtype4int4NtB2_7Int4OpsNtNtB6_6engine15RangeSubtypeOps12from_ordinal
FNF:8
FNH:8
DA:13,25316
DA:14,25316
DA:15,25316
DA:16,25316
DA:17,25316
DA:18,25311
DA:19,25316
DA:21,1952
DA:22,1952
DA:23,1952
DA:26,23
DA:27,23
DA:28,23
DA:29,9
DA:30,9
DA:31,9
DA:32,4
DA:33,4
DA:34,4
DA:37,8
DA:38,8
DA:39,8
DA:41,1
DA:42,1
DA:43,1
BRF:0
BRH:0
LF:26
LH:26
end_of_record
SF:/Users/sjanes/work26/ranger-arranger/vsql_ranger_arranger/src/subtype/int8.rs
FN:29,_RNvNtNtCskSe0MaurDGL_20vsql_ranger_arranger7subtype4int811decode_int8
FN:26,_RNvNtNtCskSe0MaurDGL_20vsql_ranger_arranger7subtype4int811encode_int8
FN:32,_RNvNtNtCskSe0MaurDGL_20vsql_ranger_arranger7subtype4int812compare_int8
FN:41,_RNvNtNtCskSe0MaurDGL_20vsql_ranger_arranger7subtype4int84plen
FN:37,_RNvNtNtCskSe0MaurDGL_20vsql_ranger_arranger7subtype4int85parse
FN:13,_RNvXNtNtCskSe0MaurDGL_20vsql_ranger_arranger7subtype4int8NtB2_7Int8OpsNtNtB6_6engine15RangeSubtypeOps10to_ordinal
FN:21,_RNvXNtNtCskSe0MaurDGL_20vsql_ranger_arranger7subtype4int8NtB2_7Int8OpsNtNtB6_6engine15RangeSubtypeOps12from_ordinal
FN:17,_RNCNvXNtNtCskSe0MaurDGL_20vsql_ranger_arranger7subtype4int8NtB4_7Int8OpsNtNtB8_6engine15RangeSubtypeOps10to_ordinal0B8_
FN:18,_RNCNvXNtNtCskSe0MaurDGL_20vsql_ranger_arranger7subtype4int8NtB4_7Int8OpsNtNtB8_6engine15RangeSubtypeOps10to_ordinals_0B8_
FN:17,_RNCNvXNtNtCsjiXQHmrdwwO_20vsql_ranger_arranger7subtype4int8NtB4_7Int8OpsNtNtB8_6engine15RangeSubtypeOps10to_ordinal0B8_
FN:18,_RNCNvXNtNtCsjiXQHmrdwwO_20vsql_ranger_arranger7subtype4int8NtB4_7Int8OpsNtNtB8_6engine15RangeSubtypeOps10to_ordinals_0B8_
FN:32,_RNvNtNtCsjiXQHmrdwwO_20vsql_ranger_arranger7subtype4int812compare_int8
FN:41,_RNvNtNtCsjiXQHmrdwwO_20vsql_ranger_arranger7subtype4int84plen
FN:37,_RNvNtNtCsjiXQHmrdwwO_20vsql_ranger_arranger7subtype4int85parse
FN:29,_RNvNtNtCsjiXQHmrdwwO_20vsql_ranger_arranger7subtype4int811decode_int8
FN:26,_RNvNtNtCsjiXQHmrdwwO_20vsql_ranger_arranger7subtype4int811encode_int8
FN:13,_RNvXNtNtCsjiXQHmrdwwO_20vsql_ranger_arranger7subtype4int8NtB2_7Int8OpsNtNtB6_6engine15RangeSubtypeOps10to_ordinal
FN:21,_RNvXNtNtCsjiXQHmrdwwO_20vsql_ranger_arranger7subtype4int8NtB2_7Int8OpsNtNtB6_6engine15RangeSubtypeOps12from_ordinal
FNDA:9,_RNvNtNtCskSe0MaurDGL_20vsql_ranger_arranger7subtype4int811decode_int8
FNDA:77,_RNvNtNtCskSe0MaurDGL_20vsql_ranger_arranger7subtype4int811encode_int8
FNDA:4,_RNvNtNtCskSe0MaurDGL_20vsql_ranger_arranger7subtype4int812compare_int8
FNDA:1,_RNvNtNtCskSe0MaurDGL_20vsql_ranger_arranger7subtype4int84plen
FNDA:8,_RNvNtNtCskSe0MaurDGL_20vsql_ranger_arranger7subtype4int85parse
FNDA:41819,_RNvXNtNtCskSe0MaurDGL_20vsql_ranger_arranger7subtype4int8NtB2_7Int8OpsNtNtB6_6engine15RangeSubtypeOps10to_ordinal
FNDA:3434,_RNvXNtNtCskSe0MaurDGL_20vsql_ranger_arranger7subtype4int8NtB2_7Int8OpsNtNtB6_6engine15RangeSubtypeOps12from_ordinal
FNDA:37545,_RNCNvXNtNtCskSe0MaurDGL_20vsql_ranger_arranger7subtype4int8NtB4_7Int8OpsNtNtB8_6engine15RangeSubtypeOps10to_ordinal0B8_
FNDA:4274,_RNCNvXNtNtCskSe0MaurDGL_20vsql_ranger_arranger7subtype4int8NtB4_7Int8OpsNtNtB8_6engine15RangeSubtypeOps10to_ordinals_0B8_
FNDA:0,_RNCNvXNtNtCsjiXQHmrdwwO_20vsql_ranger_arranger7subtype4int8NtB4_7Int8OpsNtNtB8_6engine15RangeSubtypeOps10to_ordinal0B8_
FNDA:0,_RNCNvXNtNtCsjiXQHmrdwwO_20vsql_ranger_arranger7subtype4int8NtB4_7Int8OpsNtNtB8_6engine15RangeSubtypeOps10to_ordinals_0B8_
FNDA:0,_RNvNtNtCsjiXQHmrdwwO_20vsql_ranger_arranger7subtype4int812compare_int8
FNDA:0,_RNvNtNtCsjiXQHmrdwwO_20vsql_ranger_arranger7subtype4int84plen
FNDA:0,_RNvNtNtCsjiXQHmrdwwO_20vsql_ranger_arranger7subtype4int85parse
FNDA:0,_RNvNtNtCsjiXQHmrdwwO_20vsql_ranger_arranger7subtype4int811decode_int8
FNDA:0,_RNvNtNtCsjiXQHmrdwwO_20vsql_ranger_arranger7subtype4int811encode_int8
FNDA:0,_RNvXNtNtCsjiXQHmrdwwO_20vsql_ranger_arranger7subtype4int8NtB2_7Int8OpsNtNtB6_6engine15RangeSubtypeOps10to_ordinal
FNDA:0,_RNvXNtNtCsjiXQHmrdwwO_20vsql_ranger_arranger7subtype4int8NtB2_7Int8OpsNtNtB6_6engine15RangeSubtypeOps12from_ordinal
FNF:9
FNH:9
DA:13,41819
DA:14,41819
DA:15,41819
DA:16,41819
DA:17,41819
DA:18,41819
DA:19,41819
DA:21,3434
DA:22,3434
DA:23,3434
DA:26,77
DA:27,77
DA:28,77
DA:29,9
DA:30,9
DA:31,9
DA:32,4
DA:33,4
DA:34,4
DA:37,8
DA:38,8
DA:39,8
DA:41,1
DA:42,1
DA:43,1
BRF:0
BRH:0
LF:27
LH:27
end_of_record